2023-01-26 20:55:30,522:INFO:root: ========= Liquipedia Scraper Bot Started =========
2023-01-26 20:55:30,523:INFO:root:Fetching proxies...
2023-01-26 20:55:49,002:INFO:root:Proxies found: 1
2023-01-26 20:55:49,071:INFO:root:Proxies found: 2
2023-01-26 20:55:49,898:INFO:root:Proxies found: 3
2023-01-26 20:55:49,900:INFO:root:Proxies found: 4
2023-01-26 20:55:50,390:INFO:root:Proxies found: 5
2023-01-26 20:55:50,584:INFO:root:Proxies found: 6
2023-01-26 20:55:51,891:INFO:root:Proxies found: 6
2023-01-26 20:55:51,974:INFO:root:Proxies found: 7
2023-01-26 20:55:52,445:INFO:root:Proxies found: 8
2023-01-26 20:55:52,635:INFO:root:Proxies found: 9
2023-01-26 20:56:10,271:INFO:root:Proxies found: 10
2023-01-26 20:56:23,310:INFO:root:Proxies found: 11
2023-01-26 20:56:35,711:INFO:root:Proxies found: 12
2023-01-26 20:56:37,772:INFO:root:Proxies found: 13
2023-01-26 20:56:37,774:INFO:root:Proxies found: 14
2023-01-26 20:56:38,093:INFO:root:Proxies found: 15
2023-01-26 20:56:38,648:INFO:root:Proxies found: 16
2023-01-26 20:56:41,694:INFO:root:Proxies found: 17
2023-01-26 20:56:43,257:INFO:root:Proxies found: 18
2023-01-26 20:56:48,896:INFO:root:Working proxies: 14. Proceeding to scrape profiles...
2023-01-26 20:56:49,293:INFO:root:Queue: 500 || Crawled: 0
2023-01-26 20:56:49,293:INFO:root:Queue: 500 || Crawled: 0
2023-01-26 20:56:49,293:INFO:root:Queue: 500 || Crawled: 0
2023-01-26 20:56:49,293:INFO:root:Queue: 500 || Crawled: 0
2023-01-26 20:56:49,293:INFO:root:Queue: 500 || Crawled: 0
2023-01-26 20:56:49,293:INFO:root:Queue: 500 || Crawled: 0
2023-01-26 20:56:49,294:INFO:root:Queue: 500 || Crawled: 0
2023-01-26 20:56:49,294:INFO:root:Queue: 500 || Crawled: 0
2023-01-26 20:56:49,294:INFO:root:Queue: 500 || Crawled: 0
2023-01-26 20:56:49,294:INFO:root:Queue: 500 || Crawled: 0
2023-01-26 20:56:49,294:INFO:root:Queue: 500 || Crawled: 0
2023-01-26 20:56:49,294:INFO:root:Queue: 500 || Crawled: 0
2023-01-26 20:56:49,294:INFO:root:Queue: 500 || Crawled: 0
2023-01-26 20:56:49,294:INFO:root:Queue: 500 || Crawled: 0
2023-01-26 20:56:49,294:INFO:root:Queue: 500 || Crawled: 0
2023-01-26 20:56:49,295:INFO:root:Queue: 500 || Crawled: 0
2023-01-26 20:56:49,295:INFO:root:Queue: 500 || Crawled: 0
2023-01-26 20:56:49,295:INFO:root:Queue: 500 || Crawled: 0
2023-01-26 20:56:49,295:INFO:root:Queue: 500 || Crawled: 0
2023-01-26 20:56:49,295:INFO:root:Queue: 500 || Crawled: 0
2023-01-26 20:56:49,295:INFO:root:Queue: 500 || Crawled: 0
2023-01-26 20:56:49,295:INFO:root:Queue: 500 || Crawled: 0
2023-01-26 20:56:49,296:INFO:root:Queue: 500 || Crawled: 0
2023-01-26 20:56:49,296:INFO:root:Queue: 500 || Crawled: 0
2023-01-26 20:56:49,296:INFO:root:Queue: 500 || Crawled: 0
2023-01-26 20:56:49,296:INFO:root:Queue: 500 || Crawled: 0
2023-01-26 20:56:49,296:INFO:root:Queue: 500 || Crawled: 0
2023-01-26 20:56:49,296:INFO:root:Queue: 500 || Crawled: 0
2023-01-26 20:56:49,297:INFO:root:Queue: 500 || Crawled: 0
2023-01-26 20:56:49,297:INFO:root:Queue: 500 || Crawled: 0
2023-01-26 20:56:52,075:INFO:root:Request timed out. Retrying....
2023-01-26 20:56:52,079:INFO:root:Request timed out. Retrying....
2023-01-26 20:56:53,173:INFO:root:Queue: 499 || Crawled: 1
2023-01-26 20:56:53,898:INFO:root:Queue: 497 || Crawled: 3
2023-01-26 20:56:53,951:INFO:root:Queue: 497 || Crawled: 3
2023-01-26 20:56:53,968:INFO:root:Request timed out. Retrying....
2023-01-26 20:56:53,979:INFO:root:Request timed out. Retrying....
2023-01-26 20:56:54,882:INFO:root:Queue: 496 || Crawled: 4
2023-01-26 20:56:54,992:INFO:root:Queue: 494 || Crawled: 6
2023-01-26 20:56:55,046:INFO:root:Queue: 494 || Crawled: 6
2023-01-26 20:56:55,629:INFO:root:Queue: 491 || Crawled: 9
2023-01-26 20:56:55,664:INFO:root:Queue: 491 || Crawled: 9
2023-01-26 20:56:55,682:INFO:root:Queue: 491 || Crawled: 9
2023-01-26 20:56:55,843:INFO:root:Queue: 490 || Crawled: 10
2023-01-26 20:56:55,916:INFO:root:Queue: 489 || Crawled: 11
2023-01-26 20:56:56,609:INFO:root:Queue: 486 || Crawled: 14
2023-01-26 20:56:56,613:INFO:root:Queue: 486 || Crawled: 14
2023-01-26 20:56:56,710:INFO:root:Queue: 486 || Crawled: 14
2023-01-26 20:56:56,760:INFO:root:Queue: 485 || Crawled: 15
2023-01-26 20:56:57,246:INFO:root:Queue: 484 || Crawled: 16
2023-01-26 20:56:57,479:INFO:root:Queue: 483 || Crawled: 17
2023-01-26 20:56:58,439:INFO:root:Request timed out. Retrying....
2023-01-26 20:56:58,452:INFO:root:Request timed out. Retrying....
2023-01-26 20:56:59,347:INFO:root:Request timed out. Retrying....
2023-01-26 20:56:59,347:INFO:root:Request timed out. Retrying....
2023-01-26 20:56:59,353:INFO:root:Request timed out. Retrying....
2023-01-26 20:56:59,353:INFO:root:Request timed out. Retrying....
2023-01-26 20:56:59,361:INFO:root:Request timed out. Retrying....
2023-01-26 20:56:59,361:INFO:root:Request timed out. Retrying....
2023-01-26 20:56:59,362:INFO:root:Request timed out. Retrying....
2023-01-26 20:56:59,408:INFO:root:Request timed out. Retrying....
2023-01-26 20:56:59,408:INFO:root:Request timed out. Retrying....
2023-01-26 20:56:59,425:INFO:root:Request timed out. Retrying....
2023-01-26 20:56:59,590:INFO:root:Queue: 481 || Crawled: 19
2023-01-26 20:56:59,613:INFO:root:Queue: 481 || Crawled: 19
2023-01-26 20:56:59,729:INFO:root:Queue: 480 || Crawled: 20
2023-01-26 20:57:00,018:INFO:root:Queue: 479 || Crawled: 21
2023-01-26 20:57:00,279:INFO:root:Queue: 478 || Crawled: 22
2023-01-26 20:57:00,662:INFO:root:Queue: 477 || Crawled: 23
2023-01-26 20:57:01,010:INFO:root:Queue: 476 || Crawled: 24
2023-01-26 20:57:01,103:INFO:root:Queue: 475 || Crawled: 25
2023-01-26 20:57:02,081:INFO:root:Request timed out. Retrying....
2023-01-26 20:57:02,084:INFO:root:Request timed out. Retrying....
2023-01-26 20:57:02,399:INFO:root:Queue: 474 || Crawled: 26
2023-01-26 20:57:02,663:INFO:root:Queue: 473 || Crawled: 27
2023-01-26 20:57:03,166:INFO:root:Queue: 472 || Crawled: 28
2023-01-26 20:57:03,183:INFO:root:Request timed out. Retrying....
2023-01-26 20:57:03,560:INFO:root:Queue: 471 || Crawled: 29
2023-01-26 20:57:04,628:INFO:root:Queue: 469 || Crawled: 31
2023-01-26 20:57:04,671:INFO:root:Queue: 469 || Crawled: 31
2023-01-26 20:57:04,844:INFO:root:Queue: 468 || Crawled: 32
2023-01-26 20:57:04,930:INFO:root:Queue: 467 || Crawled: 33
2023-01-26 20:57:05,019:INFO:root:Request timed out. Retrying....
2023-01-26 20:57:05,066:INFO:root:Request timed out. Retrying....
2023-01-26 20:57:05,898:INFO:root:Queue: 463 || Crawled: 37
2023-01-26 20:57:05,971:INFO:root:Queue: 463 || Crawled: 37
2023-01-26 20:57:05,988:INFO:root:Request timed out. Retrying....
2023-01-26 20:57:06,002:INFO:root:Queue: 463 || Crawled: 37
2023-01-26 20:57:06,014:INFO:root:Queue: 463 || Crawled: 37
2023-01-26 20:57:06,944:INFO:root:Queue: 461 || Crawled: 39
2023-01-26 20:57:06,998:INFO:root:Queue: 461 || Crawled: 39
2023-01-26 20:57:07,312:INFO:root:Queue: 460 || Crawled: 40
2023-01-26 20:57:07,764:INFO:root:Queue: 459 || Crawled: 41
2023-01-26 20:57:08,461:INFO:root:Request timed out. Retrying....
2023-01-26 20:57:08,467:INFO:root:Request timed out. Retrying....
2023-01-26 20:57:08,473:INFO:root:Queue: 459 || Crawled: 41
2023-01-26 20:57:08,570:INFO:root:Queue: 458 || Crawled: 42
2023-01-26 20:57:09,436:INFO:root:Request timed out. Retrying....
2023-01-26 20:57:09,451:INFO:root:Request timed out. Retrying....
2023-01-26 20:57:09,642:INFO:root:Request timed out. Retrying....
2023-01-26 20:57:09,695:INFO:root:Request timed out. Retrying....
2023-01-26 20:57:09,899:INFO:root:Request timed out. Retrying....
2023-01-26 20:57:10,195:INFO:root:Request timed out. Retrying....
2023-01-26 20:57:10,645:INFO:root:Queue: 457 || Crawled: 43
2023-01-26 20:57:10,805:INFO:root:Queue: 456 || Crawled: 44
2023-01-26 20:57:11,571:INFO:root:Queue: 455 || Crawled: 45
2023-01-26 20:57:12,075:INFO:root:Queue: 453 || Crawled: 47
2023-01-26 20:57:12,114:INFO:root:Request timed out. Retrying....
2023-01-26 20:57:12,163:INFO:root:Queue: 453 || Crawled: 47
2023-01-26 20:57:12,268:INFO:root:Queue: 452 || Crawled: 48
2023-01-26 20:57:12,675:INFO:root:Request timed out. Retrying....
2023-01-26 20:57:13,173:INFO:root:Queue: 451 || Crawled: 49
2023-01-26 20:57:13,335:INFO:root:Queue: 450 || Crawled: 50
2023-01-26 20:57:13,595:INFO:root:Request timed out. Retrying....
2023-01-26 20:57:13,700:INFO:root:Queue: 449 || Crawled: 51
2023-01-26 20:57:13,866:INFO:root:Queue: 448 || Crawled: 52
2023-01-26 20:57:14,567:INFO:root:Queue: 447 || Crawled: 53
2023-01-26 20:57:14,733:INFO:root:Request timed out. Retrying....
2023-01-26 20:57:14,800:INFO:root:Request timed out. Retrying....
2023-01-26 20:57:15,084:INFO:root:Request timed out. Retrying....
2023-01-26 20:57:15,233:INFO:root:Queue: 445 || Crawled: 55
2023-01-26 20:57:15,335:INFO:root:Queue: 444 || Crawled: 56
2023-01-26 20:57:15,337:INFO:root:Queue: 444 || Crawled: 56
2023-01-26 20:57:15,471:INFO:root:Queue: 443 || Crawled: 57
2023-01-26 20:57:15,777:INFO:root:Queue: 442 || Crawled: 58
2023-01-26 20:57:15,952:INFO:root:Request timed out. Retrying....
2023-01-26 20:57:16,041:INFO:root:Request timed out. Retrying....
2023-01-26 20:57:16,187:INFO:root:Request timed out. Retrying....
2023-01-26 20:57:16,191:INFO:root:Queue: 441 || Crawled: 59
2023-01-26 20:57:16,458:INFO:root:Queue: 440 || Crawled: 60
2023-01-26 20:57:16,635:INFO:root:Queue: 439 || Crawled: 61
2023-01-26 20:57:16,817:INFO:root:Queue: 438 || Crawled: 62
2023-01-26 20:57:16,972:INFO:root:Request timed out. Retrying....
2023-01-26 20:57:16,977:INFO:root:Queue: 437 || Crawled: 63
2023-01-26 20:57:17,947:INFO:root:Request timed out. Retrying....
2023-01-26 20:57:18,084:INFO:root:Queue: 436 || Crawled: 64
2023-01-26 20:57:18,612:INFO:root:Request timed out. Retrying....
2023-01-26 20:57:18,776:INFO:root:Queue: 435 || Crawled: 65
2023-01-26 20:57:19,055:INFO:root:Queue: 434 || Crawled: 66
2023-01-26 20:57:19,360:INFO:root:Queue: 433 || Crawled: 67
2023-01-26 20:57:19,462:INFO:root:Queue: 432 || Crawled: 68
2023-01-26 20:57:20,042:INFO:root:Queue: 431 || Crawled: 69
2023-01-26 20:57:20,106:INFO:root:Request timed out. Retrying....
2023-01-26 20:57:20,527:INFO:root:Request timed out. Retrying....
2023-01-26 20:57:20,704:INFO:root:Request timed out. Retrying....
2023-01-26 20:57:20,735:INFO:root:Request timed out. Retrying....
2023-01-26 20:57:21,126:INFO:root:Queue: 430 || Crawled: 70
2023-01-26 20:57:21,810:INFO:root:Request timed out. Retrying....
2023-01-26 20:57:22,127:INFO:root:Request timed out. Retrying....
2023-01-26 20:57:22,187:INFO:root:Request timed out. Retrying....
2023-01-26 20:57:22,816:INFO:root:Request timed out. Retrying....
2023-01-26 20:57:23,707:INFO:root:Request timed out. Retrying....
2023-01-26 20:57:23,759:INFO:root:Request timed out. Retrying....
2023-01-26 20:57:23,943:INFO:root:Request timed out. Retrying....
2023-01-26 20:57:23,944:INFO:root:Queue: 430 || Crawled: 70
2023-01-26 20:57:24,128:INFO:root:Request timed out. Retrying....
2023-01-26 20:57:24,543:INFO:root:Queue: 428 || Crawled: 72
2023-01-26 20:57:24,577:INFO:root:Queue: 428 || Crawled: 72
2023-01-26 20:57:24,784:INFO:root:Queue: 427 || Crawled: 73
2023-01-26 20:57:25,263:INFO:root:Request timed out. Retrying....
2023-01-26 20:57:25,263:INFO:root:Queue: 427 || Crawled: 73
2023-01-26 20:57:25,483:INFO:root:Request timed out. Retrying....
2023-01-26 20:57:25,775:INFO:root:Request timed out. Retrying....
2023-01-26 20:57:25,982:INFO:root:Request timed out. Retrying....
2023-01-26 20:57:26,203:INFO:root:Request timed out. Retrying....
2023-01-26 20:57:26,204:INFO:root:Queue: 427 || Crawled: 73
2023-01-26 20:57:26,632:INFO:root:Request timed out. Retrying....
2023-01-26 20:57:26,652:INFO:root:Request timed out. Retrying....
2023-01-26 20:57:26,782:INFO:root:Queue: 426 || Crawled: 74
2023-01-26 20:57:26,827:INFO:root:Request timed out. Retrying....
2023-01-26 20:57:26,991:INFO:root:Request timed out. Retrying....
2023-01-26 20:57:27,501:INFO:root:Queue: 425 || Crawled: 75
2023-01-26 20:57:28,619:INFO:root:Request timed out. Retrying....
2023-01-26 20:57:28,691:INFO:root:Request timed out. Retrying....
2023-01-26 20:57:29,175:INFO:root:Request timed out. Retrying....
2023-01-26 20:57:29,505:INFO:root:Request timed out. Retrying....
2023-01-26 20:57:30,119:INFO:root:Request timed out. Retrying....
2023-01-26 20:57:30,120:INFO:root:Request timed out. Retrying....
2023-01-26 20:57:30,543:INFO:root:Request timed out. Retrying....
2023-01-26 20:57:30,608:INFO:root:Request timed out. Retrying....
2023-01-26 20:57:30,989:INFO:root:Request timed out. Retrying....
2023-01-26 20:57:30,998:INFO:root:Request timed out. Retrying....
2023-01-26 20:57:31,135:INFO:root:Request timed out. Retrying....
2023-01-26 20:57:31,271:INFO:root:Request timed out. Retrying....
2023-01-26 20:57:31,992:INFO:root:Request timed out. Retrying....
2023-01-26 20:57:32,139:INFO:root:Request timed out. Retrying....
2023-01-26 20:57:32,199:INFO:root:Request timed out. Retrying....
2023-01-26 20:57:32,597:INFO:root:Queue: 424 || Crawled: 76
2023-01-26 20:57:32,827:INFO:root:Request timed out. Retrying....
2023-01-26 20:57:33,771:INFO:root:Request timed out. Retrying....
2023-01-26 20:57:34,587:INFO:root:Request timed out. Retrying....
2023-01-26 20:57:34,587:INFO:root:Request timed out. Retrying....
2023-01-26 20:57:34,591:INFO:root:Queue: 424 || Crawled: 76
2023-01-26 20:57:34,808:INFO:root:Request timed out. Retrying....
2023-01-26 20:57:34,809:INFO:root:Queue: 424 || Crawled: 76
2023-01-26 20:57:35,693:INFO:root:Queue: 423 || Crawled: 77
2023-01-26 20:57:35,787:INFO:root:Request timed out. Retrying....
2023-01-26 20:57:35,994:INFO:root:Request timed out. Retrying....
2023-01-26 20:57:35,994:INFO:root:Queue: 423 || Crawled: 77
2023-01-26 20:57:36,215:INFO:root:Request timed out. Retrying....
2023-01-26 20:57:36,676:INFO:root:Request timed out. Retrying....
2023-01-26 20:57:37,511:INFO:root:Request timed out. Retrying....
2023-01-26 20:57:38,007:INFO:root:Request timed out. Retrying....
2023-01-26 20:57:38,023:INFO:root:Request timed out. Retrying....
2023-01-26 20:57:38,134:INFO:root:Request timed out. Retrying....
2023-01-26 20:57:38,140:INFO:root:Queue: 423 || Crawled: 77
2023-01-26 20:57:38,365:INFO:root:Request timed out. Retrying....
2023-01-26 20:57:38,367:INFO:root:Queue: 423 || Crawled: 77
2023-01-26 20:57:39,036:INFO:root:Request timed out. Retrying....
2023-01-26 20:57:39,038:INFO:root:Queue: 423 || Crawled: 77
2023-01-26 20:57:39,298:INFO:root:Request timed out. Retrying....
2023-01-26 20:57:39,655:INFO:root:Request timed out. Retrying....
2023-01-26 20:57:39,656:INFO:root:Queue: 423 || Crawled: 77
2023-01-26 20:57:40,623:INFO:root:Request timed out. Retrying....
2023-01-26 20:57:40,623:INFO:root:Queue: 423 || Crawled: 77
2023-01-26 20:57:41,017:INFO:root:Request timed out. Retrying....
2023-01-26 20:57:41,097:INFO:root:Queue: 422 || Crawled: 78
2023-01-26 20:57:41,497:INFO:root:Request timed out. Retrying....
2023-01-26 20:57:41,607:INFO:root:Queue: 421 || Crawled: 79
2023-01-26 20:57:42,006:INFO:root:Request timed out. Retrying....
2023-01-26 20:57:42,007:INFO:root:Queue: 421 || Crawled: 79
2023-01-26 20:57:42,609:INFO:root:Request timed out. Retrying....
2023-01-26 20:57:42,831:INFO:root:Request timed out. Retrying....
2023-01-26 20:57:42,978:INFO:root:Request timed out. Retrying....
2023-01-26 20:57:42,979:INFO:root:Queue: 421 || Crawled: 79
2023-01-26 20:57:43,568:INFO:root:Queue: 420 || Crawled: 80
2023-01-26 20:57:43,830:INFO:root:Queue: 419 || Crawled: 81
2023-01-26 20:57:44,727:INFO:root:Request timed out. Retrying....
2023-01-26 20:57:44,728:INFO:root:Queue: 419 || Crawled: 81
2023-01-26 20:57:45,065:INFO:root:Queue: 417 || Crawled: 83
2023-01-26 20:57:45,114:INFO:root:Queue: 417 || Crawled: 83
2023-01-26 20:57:45,703:INFO:root:Request timed out. Retrying....
2023-01-26 20:57:46,008:INFO:root:Request timed out. Retrying....
2023-01-26 20:57:46,263:INFO:root:Request timed out. Retrying....
2023-01-26 20:57:46,264:INFO:root:Queue: 417 || Crawled: 83
2023-01-26 20:57:47,046:INFO:root:Queue: 416 || Crawled: 84
2023-01-26 20:57:47,478:INFO:root:Request timed out. Retrying....
2023-01-26 20:57:47,492:INFO:root:Request timed out. Retrying....
2023-01-26 20:57:47,523:INFO:root:Request timed out. Retrying....
2023-01-26 20:57:48,166:INFO:root:Request timed out. Retrying....
2023-01-26 20:57:48,177:INFO:root:Queue: 415 || Crawled: 85
2023-01-26 20:57:48,389:INFO:root:Request timed out. Retrying....
2023-01-26 20:57:48,422:INFO:root:Queue: 414 || Crawled: 86
2023-01-26 20:57:49,312:INFO:root:Request timed out. Retrying....
2023-01-26 20:57:49,312:INFO:root:Queue: 414 || Crawled: 86
2023-01-26 20:57:49,739:INFO:root:Queue: 413 || Crawled: 87
2023-01-26 20:57:50,239:INFO:root:Queue: 412 || Crawled: 88
2023-01-26 20:57:50,304:INFO:root:Request timed out. Retrying....
2023-01-26 20:57:50,426:INFO:root:Queue: 411 || Crawled: 89
2023-01-26 20:57:51,075:INFO:root:Request timed out. Retrying....
2023-01-26 20:57:51,075:INFO:root:Queue: 411 || Crawled: 89
2023-01-26 20:57:51,201:INFO:root:Request timed out. Retrying....
2023-01-26 20:57:51,399:INFO:root:Queue: 409 || Crawled: 91
2023-01-26 20:57:51,462:INFO:root:Queue: 409 || Crawled: 91
2023-01-26 20:57:51,505:INFO:root:Request timed out. Retrying....
2023-01-26 20:57:51,535:INFO:root:Request timed out. Retrying....
2023-01-26 20:57:51,541:INFO:root:Queue: 409 || Crawled: 91
2023-01-26 20:57:51,815:INFO:root:Queue: 408 || Crawled: 92
2023-01-26 20:57:52,297:INFO:root:Request timed out. Retrying....
2023-01-26 20:57:53,041:INFO:root:Queue: 406 || Crawled: 94
2023-01-26 20:57:53,061:INFO:root:Queue: 406 || Crawled: 94
2023-01-26 20:57:53,300:INFO:root:Request timed out. Retrying....
2023-01-26 20:57:53,575:INFO:root:Request timed out. Retrying....
2023-01-26 20:57:54,012:INFO:root:Queue: 405 || Crawled: 95
2023-01-26 20:57:54,367:INFO:root:Request timed out. Retrying....
2023-01-26 20:57:54,471:INFO:root:Queue: 404 || Crawled: 96
2023-01-26 20:57:54,473:INFO:root:Request timed out. Retrying....
2023-01-26 20:57:54,474:INFO:root:Request timed out. Retrying....
2023-01-26 20:57:54,641:INFO:root:Request timed out. Retrying....
2023-01-26 20:57:54,758:INFO:root:Request timed out. Retrying....
2023-01-26 20:57:55,088:INFO:root:Queue: 403 || Crawled: 97
2023-01-26 20:57:55,255:INFO:root:Queue: 402 || Crawled: 98
2023-01-26 20:57:55,901:INFO:root:Queue: 401 || Crawled: 99
2023-01-26 20:57:56,229:INFO:root:Queue: 399 || Crawled: 101
2023-01-26 20:57:56,244:INFO:root:Queue: 399 || Crawled: 101
2023-01-26 20:57:56,479:INFO:root:Queue: 398 || Crawled: 102
2023-01-26 20:57:57,059:INFO:root:Request timed out. Retrying....
2023-01-26 20:57:57,495:INFO:root:Request timed out. Retrying....
2023-01-26 20:57:57,535:INFO:root:Request timed out. Retrying....
2023-01-26 20:57:57,536:INFO:root:Queue: 398 || Crawled: 102
2023-01-26 20:57:57,691:INFO:root:Request timed out. Retrying....
2023-01-26 20:57:57,693:INFO:root:Queue: 398 || Crawled: 102
2023-01-26 20:57:58,287:INFO:root:Queue: 397 || Crawled: 103
2023-01-26 20:57:58,322:INFO:root:Request timed out. Retrying....
2023-01-26 20:57:58,322:INFO:root:Queue: 397 || Crawled: 103
2023-01-26 20:57:58,411:INFO:root:Request timed out. Retrying....
2023-01-26 20:57:58,656:INFO:root:Queue: 396 || Crawled: 104
2023-01-26 20:57:58,791:INFO:root:Queue: 395 || Crawled: 105
2023-01-26 20:57:59,160:INFO:root:Request timed out. Retrying....
2023-01-26 20:57:59,197:INFO:root:Queue: 394 || Crawled: 106
2023-01-26 20:57:59,325:INFO:root:Request timed out. Retrying....
2023-01-26 20:57:59,658:INFO:root:Queue: 393 || Crawled: 107
2023-01-26 20:57:59,947:INFO:root:Queue: 392 || Crawled: 108
2023-01-26 20:58:00,057:INFO:root:Queue: 391 || Crawled: 109
2023-01-26 20:58:00,304:INFO:root:Queue: 390 || Crawled: 110
2023-01-26 20:58:00,314:INFO:root:Request timed out. Retrying....
2023-01-26 20:58:00,315:INFO:root:Request timed out. Retrying....
2023-01-26 20:58:01,479:INFO:root:Request timed out. Retrying....
2023-01-26 20:58:01,672:INFO:root:Queue: 389 || Crawled: 111
2023-01-26 20:58:01,800:INFO:root:Queue: 388 || Crawled: 112
2023-01-26 20:58:01,922:INFO:root:Request timed out. Retrying....
2023-01-26 20:58:02,307:INFO:root:Request timed out. Retrying....
2023-01-26 20:58:02,677:INFO:root:Queue: 387 || Crawled: 113
2023-01-26 20:58:04,289:INFO:root:Queue: 385 || Crawled: 115
2023-01-26 20:58:04,371:INFO:root:Queue: 385 || Crawled: 115
2023-01-26 20:58:04,483:INFO:root:Queue: 384 || Crawled: 116
2023-01-26 20:58:04,487:INFO:root:Request timed out. Retrying....
2023-01-26 20:58:04,489:INFO:root:Request timed out. Retrying....
2023-01-26 20:58:04,676:INFO:root:Request timed out. Retrying....
2023-01-26 20:58:05,373:INFO:root:Queue: 383 || Crawled: 117
2023-01-26 20:58:05,732:INFO:root:Queue: 381 || Crawled: 119
2023-01-26 20:58:05,739:INFO:root:Queue: 381 || Crawled: 119
2023-01-26 20:58:05,903:INFO:root:Queue: 380 || Crawled: 120
2023-01-26 20:58:06,165:INFO:root:Queue: 379 || Crawled: 121
2023-01-26 20:58:06,255:INFO:root:Request timed out. Retrying....
2023-01-26 20:58:07,071:INFO:root:Request timed out. Retrying....
2023-01-26 20:58:07,289:INFO:root:Request timed out. Retrying....
2023-01-26 20:58:07,291:INFO:root:Queue: 379 || Crawled: 121
2023-01-26 20:58:07,478:INFO:root:Queue: 378 || Crawled: 122
2023-01-26 20:58:07,507:INFO:root:Request timed out. Retrying....
2023-01-26 20:58:07,508:INFO:root:Queue: 378 || Crawled: 122
2023-01-26 20:58:07,547:INFO:root:Request timed out. Retrying....
2023-01-26 20:58:07,703:INFO:root:Request timed out. Retrying....
2023-01-26 20:58:08,299:INFO:root:Request timed out. Retrying....
2023-01-26 20:58:08,514:INFO:root:Queue: 377 || Crawled: 123
2023-01-26 20:58:08,939:INFO:root:Request timed out. Retrying....
2023-01-26 20:58:08,940:INFO:root:Queue: 377 || Crawled: 123
2023-01-26 20:58:09,456:INFO:root:Request timed out. Retrying....
2023-01-26 20:58:09,775:INFO:root:Request timed out. Retrying....
2023-01-26 20:58:09,803:INFO:root:Request timed out. Retrying....
2023-01-26 20:58:09,849:INFO:root:Request timed out. Retrying....
2023-01-26 20:58:10,835:INFO:root:Request timed out. Retrying....
2023-01-26 20:58:10,836:INFO:root:Queue: 377 || Crawled: 123
2023-01-26 20:58:11,092:INFO:root:Request timed out. Retrying....
2023-01-26 20:58:11,165:INFO:root:Request timed out. Retrying....
2023-01-26 20:58:11,166:INFO:root:Queue: 377 || Crawled: 123
2023-01-26 20:58:11,317:INFO:root:Request timed out. Retrying....
2023-01-26 20:58:11,722:INFO:root:Request timed out. Retrying....
2023-01-26 20:58:12,179:INFO:root:Request timed out. Retrying....
2023-01-26 20:58:12,222:INFO:root:Request timed out. Retrying....
2023-01-26 20:58:12,687:INFO:root:Request timed out. Retrying....
2023-01-26 20:58:12,710:INFO:root:Request timed out. Retrying....
2023-01-26 20:58:13,872:INFO:root:Request timed out. Retrying....
2023-01-26 20:58:14,342:INFO:root:Request timed out. Retrying....
2023-01-26 20:58:14,496:INFO:root:Request timed out. Retrying....
2023-01-26 20:58:15,116:INFO:root:Request timed out. Retrying....
2023-01-26 20:58:15,444:INFO:root:Request timed out. Retrying....
2023-01-26 20:58:15,446:INFO:root:Queue: 377 || Crawled: 123
2023-01-26 20:58:15,621:INFO:root:Request timed out. Retrying....
2023-01-26 20:58:16,257:INFO:root:Request timed out. Retrying....
2023-01-26 20:58:16,258:INFO:root:Request timed out. Retrying....
2023-01-26 20:58:16,657:INFO:root:Request timed out. Retrying....
2023-01-26 20:58:18,853:INFO:root:Request timed out. Retrying....
2023-01-26 20:58:18,951:INFO:root:Request timed out. Retrying....
2023-01-26 20:58:19,107:INFO:root:Request timed out. Retrying....
2023-01-26 20:58:19,459:INFO:root:Request timed out. Retrying....
2023-01-26 20:58:19,840:INFO:root:Request timed out. Retrying....
2023-01-26 20:58:20,158:INFO:root:Queue: 375 || Crawled: 125
2023-01-26 20:58:20,244:INFO:root:Queue: 375 || Crawled: 125
2023-01-26 20:58:20,383:INFO:root:Queue: 374 || Crawled: 126
2023-01-26 20:58:20,937:INFO:root:Queue: 372 || Crawled: 128
2023-01-26 20:58:20,985:INFO:root:Queue: 371 || Crawled: 129
2023-01-26 20:58:21,048:INFO:root:Queue: 370 || Crawled: 130
2023-01-26 20:58:21,160:INFO:root:Request timed out. Retrying....
2023-01-26 20:58:21,287:INFO:root:Queue: 369 || Crawled: 131
2023-01-26 20:58:21,298:INFO:root:Queue: 369 || Crawled: 131
2023-01-26 20:58:21,369:INFO:root:Queue: 369 || Crawled: 131
2023-01-26 20:58:21,569:INFO:root:Queue: 367 || Crawled: 133
2023-01-26 20:58:21,577:INFO:root:Queue: 367 || Crawled: 133
2023-01-26 20:58:21,621:INFO:root:Queue: 366 || Crawled: 134
2023-01-26 20:58:21,735:INFO:root:Request timed out. Retrying....
2023-01-26 20:58:21,735:INFO:root:Queue: 366 || Crawled: 134
2023-01-26 20:58:22,059:INFO:root:Queue: 365 || Crawled: 135
2023-01-26 20:58:22,102:INFO:root:Request timed out. Retrying....
2023-01-26 20:58:22,793:INFO:root:Request timed out. Retrying....
2023-01-26 20:58:23,297:INFO:root:Request timed out. Retrying....
2023-01-26 20:58:23,619:INFO:root:Queue: 364 || Crawled: 136
2023-01-26 20:58:23,738:INFO:root:Request timed out. Retrying....
2023-01-26 20:58:23,740:INFO:root:Queue: 364 || Crawled: 136
2023-01-26 20:58:23,887:INFO:root:Request timed out. Retrying....
2023-01-26 20:58:24,356:INFO:root:Request timed out. Retrying....
2023-01-26 20:58:24,595:INFO:root:Queue: 363 || Crawled: 137
2023-01-26 20:58:25,644:INFO:root:Request timed out. Retrying....
2023-01-26 20:58:25,738:INFO:root:Queue: 362 || Crawled: 138
2023-01-26 20:58:26,165:INFO:root:Queue: 360 || Crawled: 140
2023-01-26 20:58:26,212:INFO:root:Queue: 360 || Crawled: 140
2023-01-26 20:58:26,279:INFO:root:Request timed out. Retrying....
2023-01-26 20:58:26,280:INFO:root:Request timed out. Retrying....
2023-01-26 20:58:26,282:INFO:root:Queue: 360 || Crawled: 140
2023-01-26 20:58:26,667:INFO:root:Request timed out. Retrying....
2023-01-26 20:58:27,429:INFO:root:Queue: 358 || Crawled: 142
2023-01-26 20:58:27,516:INFO:root:Queue: 358 || Crawled: 142
2023-01-26 20:58:27,613:INFO:root:Queue: 357 || Crawled: 143
2023-01-26 20:58:28,247:INFO:root:Request timed out. Retrying....
2023-01-26 20:58:28,863:INFO:root:Request timed out. Retrying....
2023-01-26 20:58:29,307:INFO:root:Queue: 356 || Crawled: 144
2023-01-26 20:58:30,371:INFO:root:Queue: 355 || Crawled: 145
2023-01-26 20:58:30,425:INFO:root:Request timed out. Retrying....
2023-01-26 20:58:30,548:INFO:root:Queue: 354 || Crawled: 146
2023-01-26 20:58:31,439:INFO:root:Request timed out. Retrying....
2023-01-26 20:58:31,757:INFO:root:Request timed out. Retrying....
2023-01-26 20:58:32,125:INFO:root:Request timed out. Retrying....
2023-01-26 20:58:32,130:INFO:root:Request timed out. Retrying....
2023-01-26 20:58:32,173:INFO:root:Queue: 354 || Crawled: 146
2023-01-26 20:58:32,319:INFO:root:Queue: 352 || Crawled: 148
2023-01-26 20:58:32,323:INFO:root:Queue: 352 || Crawled: 148
2023-01-26 20:58:32,395:INFO:root:Request timed out. Retrying....
2023-01-26 20:58:32,399:INFO:root:Queue: 352 || Crawled: 148
2023-01-26 20:58:32,488:INFO:root:Request timed out. Retrying....
2023-01-26 20:58:32,502:INFO:root:Queue: 352 || Crawled: 148
2023-01-26 20:58:32,578:INFO:root:Queue: 351 || Crawled: 149
2023-01-26 20:58:33,615:INFO:root:Request timed out. Retrying....
2023-01-26 20:58:33,627:INFO:root:Request timed out. Retrying....
2023-01-26 20:58:33,754:INFO:root:Request timed out. Retrying....
2023-01-26 20:58:33,782:INFO:root:Request timed out. Retrying....
2023-01-26 20:58:34,911:INFO:root:Request timed out. Retrying....
2023-01-26 20:58:35,642:INFO:root:Request timed out. Retrying....
2023-01-26 20:58:36,187:INFO:root:Request timed out. Retrying....
2023-01-26 20:58:36,295:INFO:root:Request timed out. Retrying....
2023-01-26 20:58:36,958:INFO:root:Request timed out. Retrying....
2023-01-26 20:58:37,051:INFO:root:Request timed out. Retrying....
2023-01-26 20:58:37,051:INFO:root:Queue: 351 || Crawled: 149
2023-01-26 20:58:37,091:INFO:root:Request timed out. Retrying....
2023-01-26 20:58:37,092:INFO:root:Queue: 351 || Crawled: 149
2023-01-26 20:58:37,563:INFO:root:Request timed out. Retrying....
2023-01-26 20:58:37,975:INFO:root:Request timed out. Retrying....
2023-01-26 20:58:37,977:INFO:root:Queue: 351 || Crawled: 149
2023-01-26 20:58:38,540:INFO:root:Request timed out. Retrying....
2023-01-26 20:58:38,542:INFO:root:Queue: 351 || Crawled: 149
2023-01-26 20:58:38,875:INFO:root:Request timed out. Retrying....
2023-01-26 20:58:38,876:INFO:root:Queue: 351 || Crawled: 149
2023-01-26 20:58:38,948:INFO:root:Request timed out. Retrying....
2023-01-26 20:58:38,956:INFO:root:Request timed out. Retrying....
2023-01-26 20:58:39,019:INFO:root:Request timed out. Retrying....
2023-01-26 20:58:39,022:INFO:root:Queue: 351 || Crawled: 149
2023-01-26 20:58:39,572:INFO:root:Queue: 350 || Crawled: 150
2023-01-26 20:58:39,960:INFO:root:Request timed out. Retrying....
2023-01-26 20:58:41,848:INFO:root:Queue: 349 || Crawled: 151
2023-01-26 20:58:42,014:INFO:root:Queue: 348 || Crawled: 152
2023-01-26 20:58:42,173:INFO:root:Queue: 347 || Crawled: 153
2023-01-26 20:58:42,184:INFO:root:Request timed out. Retrying....
2023-01-26 20:58:42,345:INFO:root:Request timed out. Retrying....
2023-01-26 20:58:42,506:INFO:root:Queue: 346 || Crawled: 154
2023-01-26 20:58:42,611:INFO:root:Queue: 345 || Crawled: 155
2023-01-26 20:58:43,659:INFO:root:Request timed out. Retrying....
2023-01-26 20:58:43,723:INFO:root:Queue: 344 || Crawled: 156
2023-01-26 20:58:43,804:INFO:root:Queue: 343 || Crawled: 157
2023-01-26 20:58:43,959:INFO:root:Request timed out. Retrying....
2023-01-26 20:58:43,959:INFO:root:Queue: 343 || Crawled: 157
2023-01-26 20:58:44,598:INFO:root:Request timed out. Retrying....
2023-01-26 20:58:45,659:INFO:root:Request timed out. Retrying....
2023-01-26 20:58:46,076:INFO:root:Request timed out. Retrying....
2023-01-26 20:58:46,487:INFO:root:Queue: 341 || Crawled: 159
2023-01-26 20:58:46,499:INFO:root:Queue: 341 || Crawled: 159
2023-01-26 20:58:46,851:INFO:root:Queue: 340 || Crawled: 160
2023-01-26 20:58:47,394:INFO:root:Queue: 339 || Crawled: 161
2023-01-26 20:58:47,501:INFO:root:Request timed out. Retrying....
2023-01-26 20:58:48,112:INFO:root:Queue: 338 || Crawled: 162
2023-01-26 20:58:48,555:INFO:root:Request timed out. Retrying....
2023-01-26 20:58:48,592:INFO:root:Request timed out. Retrying....
2023-01-26 20:58:48,967:INFO:root:Request timed out. Retrying....
2023-01-26 20:58:49,251:INFO:root:Queue: 337 || Crawled: 163
2023-01-26 20:58:49,811:INFO:root:Request timed out. Retrying....
2023-01-26 20:58:49,851:INFO:root:Request timed out. Retrying....
2023-01-26 20:58:49,985:INFO:root:Request timed out. Retrying....
2023-01-26 20:58:50,022:INFO:root:Queue: 336 || Crawled: 164
2023-01-26 20:58:50,640:INFO:root:Request timed out. Retrying....
2023-01-26 20:58:50,711:INFO:root:Request timed out. Retrying....
2023-01-26 20:58:51,265:INFO:root:Request timed out. Retrying....
2023-01-26 20:58:51,900:INFO:root:Queue: 335 || Crawled: 165
2023-01-26 20:58:52,023:INFO:root:Request timed out. Retrying....
2023-01-26 20:58:52,183:INFO:root:Request timed out. Retrying....
2023-01-26 20:58:52,366:INFO:root:Request timed out. Retrying....
2023-01-26 20:58:52,807:INFO:root:Request timed out. Retrying....
2023-01-26 20:58:52,849:INFO:root:Request timed out. Retrying....
2023-01-26 20:58:52,850:INFO:root:Queue: 335 || Crawled: 165
2023-01-26 20:58:53,149:INFO:root:Request timed out. Retrying....
2023-01-26 20:58:53,152:INFO:root:Queue: 335 || Crawled: 165
2023-01-26 20:58:53,464:INFO:root:Request timed out. Retrying....
2023-01-26 20:58:53,815:INFO:root:Request timed out. Retrying....
2023-01-26 20:58:53,973:INFO:root:Request timed out. Retrying....
2023-01-26 20:58:54,971:INFO:root:Request timed out. Retrying....
2023-01-26 20:58:55,383:INFO:root:Request timed out. Retrying....
2023-01-26 20:58:55,688:INFO:root:Request timed out. Retrying....
2023-01-26 20:58:57,795:INFO:root:Request timed out. Retrying....
2023-01-26 20:58:58,302:INFO:root:Queue: 331 || Crawled: 169
2023-01-26 20:58:58,352:INFO:root:Queue: 331 || Crawled: 169
2023-01-26 20:58:58,364:INFO:root:Queue: 331 || Crawled: 169
2023-01-26 20:58:58,396:INFO:root:Queue: 331 || Crawled: 169
2023-01-26 20:58:58,692:INFO:root:Queue: 330 || Crawled: 170
2023-01-26 20:58:58,927:INFO:root:Queue: 329 || Crawled: 171
2023-01-26 20:58:59,149:INFO:root:Queue: 328 || Crawled: 172
2023-01-26 20:58:59,540:INFO:root:Queue: 327 || Crawled: 173
2023-01-26 20:58:59,651:INFO:root:Request timed out. Retrying....
2023-01-26 20:58:59,657:INFO:root:Request timed out. Retrying....
2023-01-26 20:58:59,658:INFO:root:Queue: 327 || Crawled: 173
2023-01-26 20:58:59,827:INFO:root:Request timed out. Retrying....
2023-01-26 20:58:59,828:INFO:root:Queue: 327 || Crawled: 173
2023-01-26 20:59:00,538:INFO:root:Queue: 325 || Crawled: 175
2023-01-26 20:59:00,599:INFO:root:Queue: 324 || Crawled: 176
2023-01-26 20:59:00,654:INFO:root:Queue: 324 || Crawled: 176
2023-01-26 20:59:00,797:INFO:root:Queue: 323 || Crawled: 177
2023-01-26 20:59:01,751:INFO:root:Queue: 322 || Crawled: 178
2023-01-26 20:59:02,686:INFO:root:Request timed out. Retrying....
2023-01-26 20:59:02,691:INFO:root:Request timed out. Retrying....
2023-01-26 20:59:02,863:INFO:root:Request timed out. Retrying....
2023-01-26 20:59:03,173:INFO:root:Request timed out. Retrying....
2023-01-26 20:59:03,331:INFO:root:Queue: 321 || Crawled: 179
2023-01-26 20:59:03,972:INFO:root:Queue: 320 || Crawled: 180
2023-01-26 20:59:04,418:INFO:root:Request timed out. Retrying....
2023-01-26 20:59:04,419:INFO:root:Queue: 320 || Crawled: 180
2023-01-26 20:59:04,774:INFO:root:Queue: 319 || Crawled: 181
2023-01-26 20:59:04,987:INFO:root:Request timed out. Retrying....
2023-01-26 20:59:05,427:INFO:root:Request timed out. Retrying....
2023-01-26 20:59:05,439:INFO:root:Request timed out. Retrying....
2023-01-26 20:59:05,937:INFO:root:Queue: 318 || Crawled: 182
2023-01-26 20:59:06,418:INFO:root:Request timed out. Retrying....
2023-01-26 20:59:06,823:INFO:root:Queue: 317 || Crawled: 183
2023-01-26 20:59:07,149:INFO:root:Queue: 316 || Crawled: 184
2023-01-26 20:59:07,328:INFO:root:Queue: 315 || Crawled: 185
2023-01-26 20:59:08,335:INFO:root:Request timed out. Retrying....
2023-01-26 20:59:08,404:INFO:root:Request timed out. Retrying....
2023-01-26 20:59:09,191:INFO:root:Request timed out. Retrying....
2023-01-26 20:59:09,245:INFO:root:Queue: 314 || Crawled: 186
2023-01-26 20:59:09,681:INFO:root:Queue: 311 || Crawled: 189
2023-01-26 20:59:09,755:INFO:root:Request timed out. Retrying....
2023-01-26 20:59:09,824:INFO:root:Queue: 311 || Crawled: 189
2023-01-26 20:59:09,862:INFO:root:Request timed out. Retrying....
2023-01-26 20:59:09,866:INFO:root:Queue: 310 || Crawled: 190
2023-01-26 20:59:09,932:INFO:root:Queue: 310 || Crawled: 190
2023-01-26 20:59:09,978:INFO:root:Queue: 309 || Crawled: 191
2023-01-26 20:59:10,065:INFO:root:Request timed out. Retrying....
2023-01-26 20:59:10,656:INFO:root:Request timed out. Retrying....
2023-01-26 20:59:10,828:INFO:root:Queue: 308 || Crawled: 192
2023-01-26 20:59:11,189:INFO:root:Queue: 306 || Crawled: 194
2023-01-26 20:59:11,268:INFO:root:Queue: 306 || Crawled: 194
2023-01-26 20:59:11,328:INFO:root:Queue: 305 || Crawled: 195
2023-01-26 20:59:11,386:INFO:root:Request timed out. Retrying....
2023-01-26 20:59:11,632:INFO:root:Request timed out. Retrying....
2023-01-26 20:59:11,635:INFO:root:Queue: 305 || Crawled: 195
2023-01-26 20:59:12,706:INFO:root:Request timed out. Retrying....
2023-01-26 20:59:12,707:INFO:root:Queue: 305 || Crawled: 195
2023-01-26 20:59:13,544:INFO:root:Queue: 304 || Crawled: 196
2023-01-26 20:59:13,607:INFO:root:Queue: 303 || Crawled: 197
2023-01-26 20:59:14,052:INFO:root:Request timed out. Retrying....
2023-01-26 20:59:14,431:INFO:root:Request timed out. Retrying....
2023-01-26 20:59:14,999:INFO:root:Request timed out. Retrying....
2023-01-26 20:59:15,000:INFO:root:Queue: 303 || Crawled: 197
2023-01-26 20:59:15,390:INFO:root:Queue: 302 || Crawled: 198
2023-01-26 20:59:15,943:INFO:root:Request timed out. Retrying....
2023-01-26 20:59:16,842:INFO:root:Request timed out. Retrying....
2023-01-26 20:59:17,018:INFO:root:Queue: 301 || Crawled: 199
2023-01-26 20:59:17,129:INFO:root:Queue: 300 || Crawled: 200
2023-01-26 20:59:17,155:INFO:root:Request timed out. Retrying....
2023-01-26 20:59:17,506:INFO:root:Request timed out. Retrying....
2023-01-26 20:59:17,986:INFO:root:Queue: 299 || Crawled: 201
2023-01-26 20:59:18,423:INFO:root:Queue: 298 || Crawled: 202
2023-01-26 20:59:18,798:INFO:root:Queue: 297 || Crawled: 203
2023-01-26 20:59:19,263:INFO:root:Request timed out. Retrying....
2023-01-26 20:59:19,323:INFO:root:Request timed out. Retrying....
2023-01-26 20:59:20,361:INFO:root:Queue: 296 || Crawled: 204
2023-01-26 20:59:21,248:INFO:root:Request timed out. Retrying....
2023-01-26 20:59:21,315:INFO:root:Request timed out. Retrying....
2023-01-26 20:59:21,823:INFO:root:Queue: 295 || Crawled: 205
2023-01-26 20:59:21,948:INFO:root:Queue: 294 || Crawled: 206
2023-01-26 20:59:22,401:INFO:root:Queue: 293 || Crawled: 207
2023-01-26 20:59:22,407:INFO:root:Request timed out. Retrying....
2023-01-26 20:59:22,547:INFO:root:Request timed out. Retrying....
2023-01-26 20:59:22,709:INFO:root:Queue: 292 || Crawled: 208
2023-01-26 20:59:22,719:INFO:root:Request timed out. Retrying....
2023-01-26 20:59:23,619:INFO:root:Request timed out. Retrying....
2023-01-26 20:59:23,639:INFO:root:Request timed out. Retrying....
2023-01-26 20:59:23,645:INFO:root:Request timed out. Retrying....
2023-01-26 20:59:23,653:INFO:root:Request timed out. Retrying....
2023-01-26 20:59:23,701:INFO:root:Queue: 291 || Crawled: 209
2023-01-26 20:59:24,032:INFO:root:Queue: 290 || Crawled: 210
2023-01-26 20:59:24,345:INFO:root:Request timed out. Retrying....
2023-01-26 20:59:24,670:INFO:root:Request timed out. Retrying....
2023-01-26 20:59:24,844:INFO:root:Queue: 289 || Crawled: 211
2023-01-26 20:59:25,011:INFO:root:Request timed out. Retrying....
2023-01-26 20:59:25,403:INFO:root:Request timed out. Retrying....
2023-01-26 20:59:25,613:INFO:root:Queue: 288 || Crawled: 212
2023-01-26 20:59:25,957:INFO:root:Request timed out. Retrying....
2023-01-26 20:59:25,957:INFO:root:Queue: 288 || Crawled: 212
2023-01-26 20:59:26,923:INFO:root:Request timed out. Retrying....
2023-01-26 20:59:27,935:INFO:root:Request timed out. Retrying....
2023-01-26 20:59:28,078:INFO:root:Request timed out. Retrying....
2023-01-26 20:59:28,692:INFO:root:Queue: 287 || Crawled: 213
2023-01-26 20:59:29,003:INFO:root:Queue: 286 || Crawled: 214
2023-01-26 20:59:29,445:INFO:root:Request timed out. Retrying....
2023-01-26 20:59:29,489:INFO:root:Queue: 285 || Crawled: 215
2023-01-26 20:59:29,869:INFO:root:Queue: 284 || Crawled: 216
2023-01-26 20:59:30,083:INFO:root:Request timed out. Retrying....
2023-01-26 20:59:31,327:INFO:root:Request timed out. Retrying....
2023-01-26 20:59:31,448:INFO:root:Queue: 282 || Crawled: 218
2023-01-26 20:59:31,480:INFO:root:Queue: 282 || Crawled: 218
2023-01-26 20:59:31,663:INFO:root:Request timed out. Retrying....
2023-01-26 20:59:31,835:INFO:root:Request timed out. Retrying....
2023-01-26 20:59:32,236:INFO:root:Queue: 281 || Crawled: 219
2023-01-26 20:59:32,419:INFO:root:Request timed out. Retrying....
2023-01-26 20:59:32,731:INFO:root:Request timed out. Retrying....
2023-01-26 20:59:32,905:INFO:root:Queue: 280 || Crawled: 220
2023-01-26 20:59:33,007:INFO:root:Request timed out. Retrying....
2023-01-26 20:59:33,457:INFO:root:Request timed out. Retrying....
2023-01-26 20:59:33,700:INFO:root:Request timed out. Retrying....
2023-01-26 20:59:33,708:INFO:root:Request timed out. Retrying....
2023-01-26 20:59:34,451:INFO:root:Queue: 279 || Crawled: 221
2023-01-26 20:59:34,581:INFO:root:Queue: 278 || Crawled: 222
2023-01-26 20:59:34,810:INFO:root:Queue: 277 || Crawled: 223
2023-01-26 20:59:34,859:INFO:root:Request timed out. Retrying....
2023-01-26 20:59:35,066:INFO:root:Request timed out. Retrying....
2023-01-26 20:59:35,326:INFO:root:Request timed out. Retrying....
2023-01-26 20:59:35,345:INFO:root:Queue: 277 || Crawled: 223
2023-01-26 20:59:35,420:INFO:root:Request timed out. Retrying....
2023-01-26 20:59:35,457:INFO:root:Queue: 276 || Crawled: 224
2023-01-26 20:59:35,993:INFO:root:Request timed out. Retrying....
2023-01-26 20:59:36,036:INFO:root:Queue: 275 || Crawled: 225
2023-01-26 20:59:36,619:INFO:root:Request timed out. Retrying....
2023-01-26 20:59:36,620:INFO:root:Queue: 275 || Crawled: 225
2023-01-26 20:59:36,935:INFO:root:Request timed out. Retrying....
2023-01-26 20:59:36,935:INFO:root:Queue: 275 || Crawled: 225
2023-01-26 20:59:37,011:INFO:root:Request timed out. Retrying....
2023-01-26 20:59:38,091:INFO:root:Request timed out. Retrying....
2023-01-26 20:59:38,092:INFO:root:Queue: 275 || Crawled: 225
2023-01-26 20:59:38,892:INFO:root:Request timed out. Retrying....
2023-01-26 20:59:39,317:INFO:root:Queue: 273 || Crawled: 227
2023-01-26 20:59:39,349:INFO:root:Queue: 273 || Crawled: 227
2023-01-26 20:59:39,483:INFO:root:Request timed out. Retrying....
2023-01-26 20:59:40,383:INFO:root:Request timed out. Retrying....
2023-01-26 20:59:40,393:INFO:root:Request timed out. Retrying....
2023-01-26 20:59:40,990:INFO:root:Request timed out. Retrying....
2023-01-26 20:59:40,993:INFO:root:Queue: 273 || Crawled: 227
2023-01-26 20:59:41,569:INFO:root:Request timed out. Retrying....
2023-01-26 20:59:41,571:INFO:root:Queue: 273 || Crawled: 227
2023-01-26 20:59:41,752:INFO:root:Request timed out. Retrying....
2023-01-26 20:59:41,971:INFO:root:Request timed out. Retrying....
2023-01-26 20:59:42,167:INFO:root:Request timed out. Retrying....
2023-01-26 20:59:42,178:INFO:root:Queue: 272 || Crawled: 228
2023-01-26 20:59:42,213:INFO:root:Queue: 272 || Crawled: 228
2023-01-26 20:59:42,583:INFO:root:Request timed out. Retrying....
2023-01-26 20:59:42,955:INFO:root:Request timed out. Retrying....
2023-01-26 20:59:43,291:INFO:root:Queue: 271 || Crawled: 229
2023-01-26 20:59:43,475:INFO:root:Request timed out. Retrying....
2023-01-26 20:59:43,962:INFO:root:Queue: 270 || Crawled: 230
2023-01-26 20:59:44,303:INFO:root:Queue: 269 || Crawled: 231
2023-01-26 20:59:44,418:INFO:root:Request timed out. Retrying....
2023-01-26 20:59:44,819:INFO:root:Request timed out. Retrying....
2023-01-26 20:59:44,881:INFO:root:Request timed out. Retrying....
2023-01-26 20:59:44,981:INFO:root:Queue: 268 || Crawled: 232
2023-01-26 20:59:45,353:INFO:root:Queue: 267 || Crawled: 233
2023-01-26 20:59:45,964:INFO:root:Queue: 266 || Crawled: 234
2023-01-26 20:59:46,563:INFO:root:Request timed out. Retrying....
2023-01-26 20:59:46,913:INFO:root:Queue: 265 || Crawled: 235
2023-01-26 20:59:46,951:INFO:root:Request timed out. Retrying....
2023-01-26 20:59:47,113:INFO:root:Request timed out. Retrying....
2023-01-26 20:59:47,682:INFO:root:Request timed out. Retrying....
2023-01-26 20:59:47,797:INFO:root:Queue: 264 || Crawled: 236
2023-01-26 20:59:48,222:INFO:root:Queue: 263 || Crawled: 237
2023-01-26 20:59:48,582:INFO:root:Queue: 262 || Crawled: 238
2023-01-26 20:59:48,896:INFO:root:Queue: 261 || Crawled: 239
2023-01-26 20:59:49,365:INFO:root:Request timed out. Retrying....
2023-01-26 20:59:49,372:INFO:root:Request timed out. Retrying....
2023-01-26 20:59:49,648:INFO:root:Queue: 260 || Crawled: 240
2023-01-26 20:59:49,867:INFO:root:Queue: 258 || Crawled: 242
2023-01-26 20:59:50,109:INFO:root:Queue: 256 || Crawled: 244
2023-01-26 20:59:50,232:INFO:root:Queue: 256 || Crawled: 244
2023-01-26 20:59:50,237:INFO:root:Request timed out. Retrying....
2023-01-26 20:59:50,241:INFO:root:Queue: 256 || Crawled: 244
2023-01-26 20:59:50,322:INFO:root:Queue: 255 || Crawled: 245
2023-01-26 20:59:50,399:INFO:root:Request timed out. Retrying....
2023-01-26 20:59:50,399:INFO:root:Queue: 255 || Crawled: 245
2023-01-26 20:59:51,490:INFO:root:Queue: 254 || Crawled: 246
2023-01-26 20:59:51,659:INFO:root:Request timed out. Retrying....
2023-01-26 20:59:51,682:INFO:root:Request timed out. Retrying....
2023-01-26 20:59:51,746:INFO:root:Request timed out. Retrying....
2023-01-26 20:59:52,204:INFO:root:Request timed out. Retrying....
2023-01-26 20:59:52,223:INFO:root:Request timed out. Retrying....
2023-01-26 20:59:52,922:INFO:root:Queue: 253 || Crawled: 247
2023-01-26 20:59:53,219:INFO:root:Queue: 252 || Crawled: 248
2023-01-26 20:59:53,303:INFO:root:Request timed out. Retrying....
2023-01-26 20:59:53,499:INFO:root:Request timed out. Retrying....
2023-01-26 20:59:53,505:INFO:root:Queue: 251 || Crawled: 249
2023-01-26 20:59:53,538:INFO:root:Queue: 251 || Crawled: 249
2023-01-26 20:59:53,900:INFO:root:Queue: 250 || Crawled: 250
2023-01-26 20:59:54,172:INFO:root:Queue: 249 || Crawled: 251
2023-01-26 20:59:54,300:INFO:root:Queue: 248 || Crawled: 252
2023-01-26 20:59:54,444:INFO:root:Queue: 247 || Crawled: 253
2023-01-26 20:59:54,549:INFO:root:Queue: 246 || Crawled: 254
2023-01-26 20:59:54,772:INFO:root:Queue: 245 || Crawled: 255
2023-01-26 20:59:55,094:INFO:root:Queue: 244 || Crawled: 256
2023-01-26 20:59:55,143:INFO:root:Queue: 243 || Crawled: 257
2023-01-26 20:59:55,364:INFO:root:Queue: 242 || Crawled: 258
2023-01-26 20:59:55,366:INFO:root:Request timed out. Retrying....
2023-01-26 20:59:55,711:INFO:root:Queue: 241 || Crawled: 259
2023-01-26 20:59:56,906:INFO:root:Queue: 239 || Crawled: 261
2023-01-26 20:59:56,945:INFO:root:Request timed out. Retrying....
2023-01-26 20:59:56,983:INFO:root:Request timed out. Retrying....
2023-01-26 20:59:57,068:INFO:root:Queue: 239 || Crawled: 261
2023-01-26 20:59:57,271:INFO:root:Queue: 237 || Crawled: 263
2023-01-26 20:59:57,315:INFO:root:Request timed out. Retrying....
2023-01-26 20:59:57,323:INFO:root:Queue: 237 || Crawled: 263
2023-01-26 20:59:57,476:INFO:root:Queue: 236 || Crawled: 264
2023-01-26 20:59:57,477:INFO:root:Queue: 236 || Crawled: 264
2023-01-26 20:59:58,231:INFO:root:Request timed out. Retrying....
2023-01-26 20:59:59,648:INFO:root:Queue: 235 || Crawled: 265
2023-01-26 21:00:00,075:INFO:root:Request timed out. Retrying....
2023-01-26 21:00:00,344:INFO:root:Request timed out. Retrying....
2023-01-26 21:00:00,470:INFO:root:Queue: 234 || Crawled: 266
2023-01-26 21:00:01,873:INFO:root:Queue: 233 || Crawled: 267
2023-01-26 21:00:02,140:INFO:root:Queue: 232 || Crawled: 268
2023-01-26 21:00:02,201:INFO:root:Request timed out. Retrying....
2023-01-26 21:00:02,215:INFO:root:Request timed out. Retrying....
2023-01-26 21:00:02,609:INFO:root:Request timed out. Retrying....
2023-01-26 21:00:02,949:INFO:root:Queue: 231 || Crawled: 269
2023-01-26 21:00:03,257:INFO:root:Request timed out. Retrying....
2023-01-26 21:00:03,366:INFO:root:Queue: 230 || Crawled: 270
2023-01-26 21:00:03,561:INFO:root:Request timed out. Retrying....
2023-01-26 21:00:03,573:INFO:root:Request timed out. Retrying....
2023-01-26 21:00:03,783:INFO:root:Queue: 228 || Crawled: 272
2023-01-26 21:00:03,816:INFO:root:Queue: 228 || Crawled: 272
2023-01-26 21:00:04,891:INFO:root:Request timed out. Retrying....
2023-01-26 21:00:05,246:INFO:root:Queue: 227 || Crawled: 273
2023-01-26 21:00:05,303:INFO:root:Request timed out. Retrying....
2023-01-26 21:00:05,375:INFO:root:Request timed out. Retrying....
2023-01-26 21:00:05,723:INFO:root:Request timed out. Retrying....
2023-01-26 21:00:06,263:INFO:root:Request timed out. Retrying....
2023-01-26 21:00:06,272:INFO:root:Request timed out. Retrying....
2023-01-26 21:00:07,451:INFO:root:Request timed out. Retrying....
2023-01-26 21:00:07,491:INFO:root:Request timed out. Retrying....
2023-01-26 21:00:07,495:INFO:root:Request timed out. Retrying....
2023-01-26 21:00:08,791:INFO:root:Queue: 226 || Crawled: 274
2023-01-26 21:00:09,082:INFO:root:Queue: 225 || Crawled: 275
2023-01-26 21:00:09,233:INFO:root:Queue: 223 || Crawled: 277
2023-01-26 21:00:09,282:INFO:root:Queue: 223 || Crawled: 277
2023-01-26 21:00:09,456:INFO:root:Queue: 222 || Crawled: 278
2023-01-26 21:00:09,921:INFO:root:Queue: 221 || Crawled: 279
2023-01-26 21:00:10,954:INFO:root:Queue: 220 || Crawled: 280
2023-01-26 21:00:11,200:INFO:root:Queue: 218 || Crawled: 282
2023-01-26 21:00:11,201:INFO:root:Queue: 218 || Crawled: 282
2023-01-26 21:00:11,656:INFO:root:Request timed out. Retrying....
2023-01-26 21:00:11,657:INFO:root:Queue: 218 || Crawled: 282
2023-01-26 21:00:11,659:INFO:root:Request timed out. Retrying....
2023-01-26 21:00:11,880:INFO:root:Request timed out. Retrying....
2023-01-26 21:00:12,100:INFO:root:Request timed out. Retrying....
2023-01-26 21:00:12,151:INFO:root:Request timed out. Retrying....
2023-01-26 21:00:12,211:INFO:root:Request timed out. Retrying....
2023-01-26 21:00:12,688:INFO:root:Request timed out. Retrying....
2023-01-26 21:00:12,959:INFO:root:Request timed out. Retrying....
2023-01-26 21:00:13,672:INFO:root:Request timed out. Retrying....
2023-01-26 21:00:13,754:INFO:root:Queue: 217 || Crawled: 283
2023-01-26 21:00:13,812:INFO:root:Request timed out. Retrying....
2023-01-26 21:00:14,169:INFO:root:Queue: 215 || Crawled: 285
2023-01-26 21:00:14,233:INFO:root:Queue: 215 || Crawled: 285
2023-01-26 21:00:14,408:INFO:root:Queue: 214 || Crawled: 286
2023-01-26 21:00:14,511:INFO:root:Request timed out. Retrying....
2023-01-26 21:00:14,903:INFO:root:Request timed out. Retrying....
2023-01-26 21:00:15,259:INFO:root:Request timed out. Retrying....
2023-01-26 21:00:15,527:INFO:root:Queue: 213 || Crawled: 287
2023-01-26 21:00:16,029:INFO:root:Request timed out. Retrying....
2023-01-26 21:00:16,314:INFO:root:Queue: 212 || Crawled: 288
2023-01-26 21:00:16,383:INFO:root:Request timed out. Retrying....
2023-01-26 21:00:17,025:INFO:root:Queue: 211 || Crawled: 289
2023-01-26 21:00:17,460:INFO:root:Request timed out. Retrying....
2023-01-26 21:00:17,507:INFO:root:Request timed out. Retrying....
2023-01-26 21:00:19,271:INFO:root:Request timed out. Retrying....
2023-01-26 21:00:19,897:INFO:root:Request timed out. Retrying....
2023-01-26 21:00:19,898:INFO:root:Request timed out. Retrying....
2023-01-26 21:00:19,919:INFO:root:Request timed out. Retrying....
2023-01-26 21:00:20,671:INFO:root:Request timed out. Retrying....
2023-01-26 21:00:21,334:INFO:root:Queue: 210 || Crawled: 290
2023-01-26 21:00:21,452:INFO:root:Queue: 209 || Crawled: 291
2023-01-26 21:00:21,561:INFO:root:Queue: 208 || Crawled: 292
2023-01-26 21:00:21,667:INFO:root:Request timed out. Retrying....
2023-01-26 21:00:21,671:INFO:root:Request timed out. Retrying....
2023-01-26 21:00:21,672:INFO:root:Queue: 208 || Crawled: 292
2023-01-26 21:00:21,886:INFO:root:Request timed out. Retrying....
2023-01-26 21:00:21,973:INFO:root:Request timed out. Retrying....
2023-01-26 21:00:22,223:INFO:root:Request timed out. Retrying....
2023-01-26 21:00:22,223:INFO:root:Queue: 208 || Crawled: 292
2023-01-26 21:00:22,596:INFO:root:Request timed out. Retrying....
2023-01-26 21:00:22,723:INFO:root:Queue: 207 || Crawled: 293
2023-01-26 21:00:22,837:INFO:root:Queue: 206 || Crawled: 294
2023-01-26 21:00:23,402:INFO:root:Queue: 205 || Crawled: 295
2023-01-26 21:00:23,698:INFO:root:Request timed out. Retrying....
2023-01-26 21:00:23,725:INFO:root:Request timed out. Retrying....
2023-01-26 21:00:23,731:INFO:root:Queue: 205 || Crawled: 295
2023-01-26 21:00:23,765:INFO:root:Request timed out. Retrying....
2023-01-26 21:00:24,031:INFO:root:Queue: 203 || Crawled: 297
2023-01-26 21:00:24,089:INFO:root:Queue: 203 || Crawled: 297
2023-01-26 21:00:24,637:INFO:root:Queue: 201 || Crawled: 299
2023-01-26 21:00:24,762:INFO:root:Queue: 201 || Crawled: 299
2023-01-26 21:00:24,963:INFO:root:Queue: 199 || Crawled: 301
2023-01-26 21:00:25,046:INFO:root:Queue: 199 || Crawled: 301
2023-01-26 21:00:25,167:INFO:root:Queue: 198 || Crawled: 302
2023-01-26 21:00:25,182:INFO:root:Request timed out. Retrying....
2023-01-26 21:00:25,281:INFO:root:Request timed out. Retrying....
2023-01-26 21:00:25,337:INFO:root:Queue: 197 || Crawled: 303
2023-01-26 21:00:25,657:INFO:root:Request timed out. Retrying....
2023-01-26 21:00:25,788:INFO:root:Request timed out. Retrying....
2023-01-26 21:00:25,844:INFO:root:Request timed out. Retrying....
2023-01-26 21:00:25,846:INFO:root:Request timed out. Retrying....
2023-01-26 21:00:25,867:INFO:root:Queue: 196 || Crawled: 304
2023-01-26 21:00:25,968:INFO:root:Queue: 195 || Crawled: 305
2023-01-26 21:00:26,327:INFO:root:Queue: 194 || Crawled: 306
2023-01-26 21:00:26,384:INFO:root:Queue: 193 || Crawled: 307
2023-01-26 21:00:26,863:INFO:root:Queue: 192 || Crawled: 308
2023-01-26 21:00:27,525:INFO:root:Request timed out. Retrying....
2023-01-26 21:00:27,542:INFO:root:Queue: 192 || Crawled: 308
2023-01-26 21:00:27,702:INFO:root:Queue: 190 || Crawled: 310
2023-01-26 21:00:27,710:INFO:root:Queue: 190 || Crawled: 310
2023-01-26 21:00:27,865:INFO:root:Queue: 189 || Crawled: 311
2023-01-26 21:00:28,275:INFO:root:Queue: 188 || Crawled: 312
2023-01-26 21:00:28,840:INFO:root:Request timed out. Retrying....
2023-01-26 21:00:29,432:INFO:root:Queue: 187 || Crawled: 313
2023-01-26 21:00:29,726:INFO:root:Queue: 185 || Crawled: 315
2023-01-26 21:00:29,743:INFO:root:Queue: 185 || Crawled: 315
2023-01-26 21:00:30,404:INFO:root:Queue: 184 || Crawled: 316
2023-01-26 21:00:30,715:INFO:root:Request timed out. Retrying....
2023-01-26 21:00:30,886:INFO:root:Queue: 182 || Crawled: 318
2023-01-26 21:00:30,914:INFO:root:Queue: 182 || Crawled: 318
2023-01-26 21:00:31,268:INFO:root:Queue: 181 || Crawled: 319
2023-01-26 21:00:31,400:INFO:root:Queue: 180 || Crawled: 320
2023-01-26 21:00:31,771:INFO:root:Queue: 179 || Crawled: 321
2023-01-26 21:00:31,914:INFO:root:Queue: 178 || Crawled: 322
2023-01-26 21:00:32,148:INFO:root:Request timed out. Retrying....
2023-01-26 21:00:32,300:INFO:root:Queue: 177 || Crawled: 323
2023-01-26 21:00:32,466:INFO:root:Request timed out. Retrying....
2023-01-26 21:00:33,272:INFO:root:Queue: 176 || Crawled: 324
2023-01-26 21:00:33,719:INFO:root:Request timed out. Retrying....
2023-01-26 21:00:34,066:INFO:root:Request timed out. Retrying....
2023-01-26 21:00:34,150:INFO:root:Request timed out. Retrying....
2023-01-26 21:00:35,071:INFO:root:Request timed out. Retrying....
2023-01-26 21:00:35,233:INFO:root:Request timed out. Retrying....
2023-01-26 21:00:35,239:INFO:root:Queue: 176 || Crawled: 324
2023-01-26 21:00:35,378:INFO:root:Queue: 175 || Crawled: 325
2023-01-26 21:00:35,475:INFO:root:Queue: 174 || Crawled: 326
2023-01-26 21:00:35,671:INFO:root:Request timed out. Retrying....
2023-01-26 21:00:35,678:INFO:root:Request timed out. Retrying....
2023-01-26 21:00:35,679:INFO:root:Queue: 174 || Crawled: 326
2023-01-26 21:00:35,991:INFO:root:Request timed out. Retrying....
2023-01-26 21:00:36,128:INFO:root:Queue: 173 || Crawled: 327
2023-01-26 21:00:36,667:INFO:root:Queue: 172 || Crawled: 328
2023-01-26 21:00:37,808:INFO:root:Request timed out. Retrying....
2023-01-26 21:00:37,892:INFO:root:Queue: 171 || Crawled: 329
2023-01-26 21:00:38,253:INFO:root:Queue: 170 || Crawled: 330
2023-01-26 21:00:38,279:INFO:root:Request timed out. Retrying....
2023-01-26 21:00:38,621:INFO:root:Request timed out. Retrying....
2023-01-26 21:00:38,861:INFO:root:Request timed out. Retrying....
2023-01-26 21:00:38,867:INFO:root:Queue: 170 || Crawled: 330
2023-01-26 21:00:39,040:INFO:root:Queue: 169 || Crawled: 331
2023-01-26 21:00:39,508:INFO:root:Request timed out. Retrying....
2023-01-26 21:00:39,509:INFO:root:Request timed out. Retrying....
2023-01-26 21:00:39,751:INFO:root:Request timed out. Retrying....
2023-01-26 21:00:39,835:INFO:root:Request timed out. Retrying....
2023-01-26 21:00:40,013:INFO:root:Queue: 168 || Crawled: 332
2023-01-26 21:00:40,285:INFO:root:Request timed out. Retrying....
2023-01-26 21:00:40,286:INFO:root:Queue: 168 || Crawled: 332
2023-01-26 21:00:40,938:INFO:root:Request timed out. Retrying....
2023-01-26 21:00:41,327:INFO:root:Request timed out. Retrying....
2023-01-26 21:00:41,419:INFO:root:Request timed out. Retrying....
2023-01-26 21:00:41,550:INFO:root:Queue: 166 || Crawled: 334
2023-01-26 21:00:41,566:INFO:root:Queue: 166 || Crawled: 334
2023-01-26 21:00:42,313:INFO:root:Request timed out. Retrying....
2023-01-26 21:00:42,551:INFO:root:Queue: 165 || Crawled: 335
2023-01-26 21:00:42,551:INFO:root:Request timed out. Retrying....
2023-01-26 21:00:43,201:INFO:root:Queue: 164 || Crawled: 336
2023-01-26 21:00:44,079:INFO:root:Request timed out. Retrying....
2023-01-26 21:00:45,289:INFO:root:Queue: 163 || Crawled: 337
2023-01-26 21:00:45,416:INFO:root:Request timed out. Retrying....
2023-01-26 21:00:45,501:INFO:root:Request timed out. Retrying....
2023-01-26 21:00:45,513:INFO:root:Queue: 163 || Crawled: 337
2023-01-26 21:00:45,578:INFO:root:Queue: 162 || Crawled: 338
2023-01-26 21:00:45,692:INFO:root:Request timed out. Retrying....
2023-01-26 21:00:47,831:INFO:root:Request timed out. Retrying....
2023-01-26 21:00:48,678:INFO:root:Request timed out. Retrying....
2023-01-26 21:00:48,814:INFO:root:Request timed out. Retrying....
2023-01-26 21:00:48,891:INFO:root:Request timed out. Retrying....
2023-01-26 21:00:49,121:INFO:root:Request timed out. Retrying....
2023-01-26 21:00:49,380:INFO:root:Request timed out. Retrying....
2023-01-26 21:00:49,515:INFO:root:Request timed out. Retrying....
2023-01-26 21:00:50,060:INFO:root:Request timed out. Retrying....
2023-01-26 21:00:50,065:INFO:root:Request timed out. Retrying....
2023-01-26 21:00:50,164:INFO:root:Queue: 161 || Crawled: 339
2023-01-26 21:00:50,286:INFO:root:Queue: 160 || Crawled: 340
2023-01-26 21:00:50,807:INFO:root:Request timed out. Retrying....
2023-01-26 21:00:51,168:INFO:root:Queue: 159 || Crawled: 341
2023-01-26 21:00:51,348:INFO:root:Request timed out. Retrying....
2023-01-26 21:00:51,585:INFO:root:Request timed out. Retrying....
2023-01-26 21:00:51,722:INFO:root:Queue: 158 || Crawled: 342
2023-01-26 21:00:52,323:INFO:root:Request timed out. Retrying....
2023-01-26 21:00:52,597:INFO:root:Request timed out. Retrying....
2023-01-26 21:00:53,157:INFO:root:Request timed out. Retrying....
2023-01-26 21:00:53,379:INFO:root:Request timed out. Retrying....
2023-01-26 21:00:53,719:INFO:root:Request timed out. Retrying....
2023-01-26 21:00:54,103:INFO:root:Request timed out. Retrying....
2023-01-26 21:00:54,108:INFO:root:Queue: 158 || Crawled: 342
2023-01-26 21:00:54,219:INFO:root:Queue: 157 || Crawled: 343
2023-01-26 21:00:54,372:INFO:root:Request timed out. Retrying....
2023-01-26 21:00:54,419:INFO:root:Request timed out. Retrying....
2023-01-26 21:00:55,860:INFO:root:Queue: 156 || Crawled: 344
2023-01-26 21:00:56,381:INFO:root:Request timed out. Retrying....
2023-01-26 21:00:56,382:INFO:root:Queue: 156 || Crawled: 344
2023-01-26 21:00:56,385:INFO:root:Request timed out. Retrying....
2023-01-26 21:00:56,427:INFO:root:Request timed out. Retrying....
2023-01-26 21:00:56,427:INFO:root:Queue: 156 || Crawled: 344
2023-01-26 21:00:56,791:INFO:root:Queue: 155 || Crawled: 345
2023-01-26 21:00:57,083:INFO:root:Queue: 154 || Crawled: 346
2023-01-26 21:00:57,889:INFO:root:Queue: 153 || Crawled: 347
2023-01-26 21:00:58,369:INFO:root:Queue: 152 || Crawled: 348
2023-01-26 21:00:58,804:INFO:root:Queue: 150 || Crawled: 350
2023-01-26 21:00:58,833:INFO:root:Queue: 150 || Crawled: 350
2023-01-26 21:00:58,884:INFO:root:Queue: 149 || Crawled: 351
2023-01-26 21:00:58,903:INFO:root:Request timed out. Retrying....
2023-01-26 21:00:59,233:INFO:root:Queue: 148 || Crawled: 352
2023-01-26 21:00:59,887:INFO:root:Queue: 147 || Crawled: 353
2023-01-26 21:01:00,298:INFO:root:Request timed out. Retrying....
2023-01-26 21:01:00,723:INFO:root:Request timed out. Retrying....
2023-01-26 21:01:01,052:INFO:root:Request timed out. Retrying....
2023-01-26 21:01:01,617:INFO:root:Request timed out. Retrying....
2023-01-26 21:01:01,729:INFO:root:Queue: 146 || Crawled: 354
2023-01-26 21:01:02,593:INFO:root:Queue: 145 || Crawled: 355
2023-01-26 21:01:03,452:INFO:root:Request timed out. Retrying....
2023-01-26 21:01:03,790:INFO:root:Request timed out. Retrying....
2023-01-26 21:01:03,791:INFO:root:Queue: 145 || Crawled: 355
2023-01-26 21:01:04,197:INFO:root:Request timed out. Retrying....
2023-01-26 21:01:04,197:INFO:root:Queue: 145 || Crawled: 355
2023-01-26 21:01:04,231:INFO:root:Request timed out. Retrying....
2023-01-26 21:01:04,366:INFO:root:Request timed out. Retrying....
2023-01-26 21:01:04,383:INFO:root:Request timed out. Retrying....
2023-01-26 21:01:04,383:INFO:root:Queue: 145 || Crawled: 355
2023-01-26 21:01:04,746:INFO:root:Queue: 144 || Crawled: 356
2023-01-26 21:01:05,380:INFO:root:Queue: 143 || Crawled: 357
2023-01-26 21:01:05,530:INFO:root:Request timed out. Retrying....
2023-01-26 21:01:06,302:INFO:root:Request timed out. Retrying....
2023-01-26 21:01:06,308:INFO:root:Request timed out. Retrying....
2023-01-26 21:01:06,339:INFO:root:Queue: 142 || Crawled: 358
2023-01-26 21:01:06,344:INFO:root:Queue: 142 || Crawled: 358
2023-01-26 21:01:06,449:INFO:root:Request timed out. Retrying....
2023-01-26 21:01:06,592:INFO:root:Queue: 141 || Crawled: 359
2023-01-26 21:01:06,805:INFO:root:Request timed out. Retrying....
2023-01-26 21:01:07,638:INFO:root:Queue: 139 || Crawled: 361
2023-01-26 21:01:07,663:INFO:root:Queue: 139 || Crawled: 361
2023-01-26 21:01:08,434:INFO:root:Queue: 138 || Crawled: 362
2023-01-26 21:01:08,707:INFO:root:Request timed out. Retrying....
2023-01-26 21:01:08,895:INFO:root:Request timed out. Retrying....
2023-01-26 21:01:09,383:INFO:root:Request timed out. Retrying....
2023-01-26 21:01:09,915:INFO:root:Request timed out. Retrying....
2023-01-26 21:01:10,745:INFO:root:Request timed out. Retrying....
2023-01-26 21:01:10,751:INFO:root:Queue: 138 || Crawled: 362
2023-01-26 21:01:10,885:INFO:root:Queue: 137 || Crawled: 363
2023-01-26 21:01:11,407:INFO:root:Request timed out. Retrying....
2023-01-26 21:01:11,575:INFO:root:Queue: 136 || Crawled: 364
2023-01-26 21:01:11,664:INFO:root:Queue: 135 || Crawled: 365
2023-01-26 21:01:11,739:INFO:root:Request timed out. Retrying....
2023-01-26 21:01:12,616:INFO:root:Queue: 134 || Crawled: 366
2023-01-26 21:01:13,586:INFO:root:Queue: 133 || Crawled: 367
2023-01-26 21:01:14,148:INFO:root:Queue: 132 || Crawled: 368
2023-01-26 21:01:14,250:INFO:root:Queue: 131 || Crawled: 369
2023-01-26 21:01:14,340:INFO:root:Queue: 130 || Crawled: 370
2023-01-26 21:01:14,379:INFO:root:Request timed out. Retrying....
2023-01-26 21:01:14,395:INFO:root:Request timed out. Retrying....
2023-01-26 21:01:14,634:INFO:root:Queue: 129 || Crawled: 371
2023-01-26 21:01:14,971:INFO:root:Queue: 128 || Crawled: 372
2023-01-26 21:01:14,983:INFO:root:Request timed out. Retrying....
2023-01-26 21:01:15,217:INFO:root:Request timed out. Retrying....
2023-01-26 21:01:15,377:INFO:root:Queue: 126 || Crawled: 374
2023-01-26 21:01:15,382:INFO:root:Queue: 126 || Crawled: 374
2023-01-26 21:01:15,517:INFO:root:Queue: 125 || Crawled: 375
2023-01-26 21:01:15,792:INFO:root:Queue: 124 || Crawled: 376
2023-01-26 21:01:16,314:INFO:root:Request timed out. Retrying....
2023-01-26 21:01:16,980:INFO:root:Queue: 123 || Crawled: 377
2023-01-26 21:01:17,284:INFO:root:Request timed out. Retrying....
2023-01-26 21:01:17,676:INFO:root:Request timed out. Retrying....
2023-01-26 21:01:18,632:INFO:root:Request timed out. Retrying....
2023-01-26 21:01:18,633:INFO:root:Request timed out. Retrying....
2023-01-26 21:01:18,678:INFO:root:Queue: 123 || Crawled: 377
2023-01-26 21:01:18,716:INFO:root:Queue: 122 || Crawled: 378
2023-01-26 21:01:18,865:INFO:root:Queue: 121 || Crawled: 379
2023-01-26 21:01:19,933:INFO:root:Queue: 119 || Crawled: 381
2023-01-26 21:01:19,954:INFO:root:Queue: 119 || Crawled: 381
2023-01-26 21:01:20,059:INFO:root:Request timed out. Retrying....
2023-01-26 21:01:20,574:INFO:root:Queue: 118 || Crawled: 382
2023-01-26 21:01:20,781:INFO:root:Request timed out. Retrying....
2023-01-26 21:01:21,294:INFO:root:Queue: 117 || Crawled: 383
2023-01-26 21:01:21,702:INFO:root:Queue: 116 || Crawled: 384
2023-01-26 21:01:21,761:INFO:root:Request timed out. Retrying....
2023-01-26 21:01:21,868:INFO:root:Queue: 115 || Crawled: 385
2023-01-26 21:01:22,182:INFO:root:Queue: 114 || Crawled: 386
2023-01-26 21:01:22,255:INFO:root:Request timed out. Retrying....
2023-01-26 21:01:22,264:INFO:root:Request timed out. Retrying....
2023-01-26 21:01:22,279:INFO:root:Queue: 113 || Crawled: 387
2023-01-26 21:01:22,294:INFO:root:Request timed out. Retrying....
2023-01-26 21:01:22,690:INFO:root:Queue: 112 || Crawled: 388
2023-01-26 21:01:22,811:INFO:root:Queue: 111 || Crawled: 389
2023-01-26 21:01:22,905:INFO:root:Queue: 110 || Crawled: 390
2023-01-26 21:01:23,607:INFO:root:Queue: 109 || Crawled: 391
2023-01-26 21:01:24,409:INFO:root:Request timed out. Retrying....
2023-01-26 21:01:24,410:INFO:root:Queue: 109 || Crawled: 391
2023-01-26 21:01:24,577:INFO:root:Queue: 108 || Crawled: 392
2023-01-26 21:01:24,743:INFO:root:Request timed out. Retrying....
2023-01-26 21:01:25,005:INFO:root:Request timed out. Retrying....
2023-01-26 21:01:25,012:INFO:root:Queue: 107 || Crawled: 393
2023-01-26 21:01:25,165:INFO:root:Queue: 106 || Crawled: 394
2023-01-26 21:01:25,395:INFO:root:Request timed out. Retrying....
2023-01-26 21:01:25,897:INFO:root:Queue: 105 || Crawled: 395
2023-01-26 21:01:26,611:INFO:root:Request timed out. Retrying....
2023-01-26 21:01:26,612:INFO:root:Queue: 105 || Crawled: 395
2023-01-26 21:01:27,199:INFO:root:Queue: 104 || Crawled: 396
2023-01-26 21:01:28,252:INFO:root:Queue: 102 || Crawled: 398
2023-01-26 21:01:28,304:INFO:root:Queue: 102 || Crawled: 398
2023-01-26 21:01:28,648:INFO:root:Queue: 101 || Crawled: 399
2023-01-26 21:01:28,715:INFO:root:Request timed out. Retrying....
2023-01-26 21:01:28,959:INFO:root:Request timed out. Retrying....
2023-01-26 21:01:28,961:INFO:root:Queue: 101 || Crawled: 399
2023-01-26 21:01:29,048:INFO:root:Request timed out. Retrying....
2023-01-26 21:01:29,102:INFO:root:Request timed out. Retrying....
2023-01-26 21:01:29,932:INFO:root:Queue: 99 || Crawled: 401
2023-01-26 21:01:29,936:INFO:root:Queue: 99 || Crawled: 401
2023-01-26 21:01:29,969:INFO:root:Request timed out. Retrying....
2023-01-26 21:01:31,714:INFO:root:Request timed out. Retrying....
2023-01-26 21:01:31,799:INFO:root:Request timed out. Retrying....
2023-01-26 21:01:31,800:INFO:root:Queue: 99 || Crawled: 401
2023-01-26 21:01:32,215:INFO:root:Request timed out. Retrying....
2023-01-26 21:01:32,441:INFO:root:Queue: 98 || Crawled: 402
2023-01-26 21:01:32,442:INFO:root:Request timed out. Retrying....
2023-01-26 21:01:32,737:INFO:root:Queue: 97 || Crawled: 403
2023-01-26 21:01:32,791:INFO:root:Request timed out. Retrying....
2023-01-26 21:01:32,859:INFO:root:Request timed out. Retrying....
2023-01-26 21:01:33,406:INFO:root:Request timed out. Retrying....
2023-01-26 21:01:33,615:INFO:root:Queue: 96 || Crawled: 404
2023-01-26 21:01:34,310:INFO:root:Request timed out. Retrying....
2023-01-26 21:01:34,318:INFO:root:Request timed out. Retrying....
2023-01-26 21:01:34,592:INFO:root:Request timed out. Retrying....
2023-01-26 21:01:34,779:INFO:root:Queue: 95 || Crawled: 405
2023-01-26 21:01:34,920:INFO:root:Queue: 94 || Crawled: 406
2023-01-26 21:01:35,035:INFO:root:Request timed out. Retrying....
2023-01-26 21:01:35,035:INFO:root:Queue: 94 || Crawled: 406
2023-01-26 21:01:35,043:INFO:root:Request timed out. Retrying....
2023-01-26 21:01:35,256:INFO:root:Request timed out. Retrying....
2023-01-26 21:01:35,692:INFO:root:Request timed out. Retrying....
2023-01-26 21:01:36,066:INFO:root:Request timed out. Retrying....
2023-01-26 21:01:37,222:INFO:root:Request timed out. Retrying....
2023-01-26 21:01:37,283:INFO:root:Queue: 93 || Crawled: 407
2023-01-26 21:01:37,584:INFO:root:Request timed out. Retrying....
2023-01-26 21:01:37,647:INFO:root:Queue: 92 || Crawled: 408
2023-01-26 21:01:38,264:INFO:root:Request timed out. Retrying....
2023-01-26 21:01:38,728:INFO:root:Request timed out. Retrying....
2023-01-26 21:01:38,976:INFO:root:Request timed out. Retrying....
2023-01-26 21:01:39,115:INFO:root:Request timed out. Retrying....
2023-01-26 21:01:39,116:INFO:root:Queue: 92 || Crawled: 408
2023-01-26 21:01:39,623:INFO:root:Request timed out. Retrying....
2023-01-26 21:01:39,837:INFO:root:Queue: 91 || Crawled: 409
2023-01-26 21:01:39,961:INFO:root:Request timed out. Retrying....
2023-01-26 21:01:39,965:INFO:root:Queue: 90 || Crawled: 410
2023-01-26 21:01:39,979:INFO:root:Request timed out. Retrying....
2023-01-26 21:01:40,184:INFO:root:Request timed out. Retrying....
2023-01-26 21:01:40,280:INFO:root:Queue: 89 || Crawled: 411
2023-01-26 21:01:40,670:INFO:root:Request timed out. Retrying....
2023-01-26 21:01:40,785:INFO:root:Queue: 88 || Crawled: 412
2023-01-26 21:01:41,181:INFO:root:Queue: 87 || Crawled: 413
2023-01-26 21:01:41,877:INFO:root:Queue: 85 || Crawled: 415
2023-01-26 21:01:41,922:INFO:root:Queue: 85 || Crawled: 415
2023-01-26 21:01:42,101:INFO:root:Queue: 84 || Crawled: 416
2023-01-26 21:01:42,228:INFO:root:Request timed out. Retrying....
2023-01-26 21:01:42,231:INFO:root:Request timed out. Retrying....
2023-01-26 21:01:42,295:INFO:root:Request timed out. Retrying....
2023-01-26 21:01:42,459:INFO:root:Request timed out. Retrying....
2023-01-26 21:01:43,016:INFO:root:Queue: 83 || Crawled: 417
2023-01-26 21:01:44,532:INFO:root:Request timed out. Retrying....
2023-01-26 21:01:44,639:INFO:root:Request timed out. Retrying....
2023-01-26 21:01:44,645:INFO:root:Queue: 82 || Crawled: 418
2023-01-26 21:01:44,888:INFO:root:Queue: 81 || Crawled: 419
2023-01-26 21:01:44,979:INFO:root:Queue: 80 || Crawled: 420
2023-01-26 21:01:45,475:INFO:root:Request timed out. Retrying....
2023-01-26 21:01:45,705:INFO:root:Request timed out. Retrying....
2023-01-26 21:01:47,245:INFO:root:Request timed out. Retrying....
2023-01-26 21:01:47,383:INFO:root:Queue: 79 || Crawled: 421
2023-01-26 21:01:47,548:INFO:root:Queue: 78 || Crawled: 422
2023-01-26 21:01:47,915:INFO:root:Queue: 76 || Crawled: 424
2023-01-26 21:01:47,926:INFO:root:Queue: 76 || Crawled: 424
2023-01-26 21:01:48,081:INFO:root:Queue: 75 || Crawled: 425
2023-01-26 21:01:48,470:INFO:root:Queue: 74 || Crawled: 426
2023-01-26 21:01:48,833:INFO:root:Queue: 73 || Crawled: 427
2023-01-26 21:01:49,047:INFO:root:Request timed out. Retrying....
2023-01-26 21:01:49,053:INFO:root:Request timed out. Retrying....
2023-01-26 21:01:49,160:INFO:root:Request timed out. Retrying....
2023-01-26 21:01:49,273:INFO:root:Request timed out. Retrying....
2023-01-26 21:01:49,275:INFO:root:Queue: 72 || Crawled: 428
2023-01-26 21:01:49,317:INFO:root:Queue: 72 || Crawled: 428
2023-01-26 21:01:49,440:INFO:root:Request timed out. Retrying....
2023-01-26 21:01:49,442:INFO:root:Queue: 71 || Crawled: 429
2023-01-26 21:01:49,496:INFO:root:Request timed out. Retrying....
2023-01-26 21:01:49,501:INFO:root:Queue: 70 || Crawled: 430
2023-01-26 21:01:49,504:INFO:root:Queue: 70 || Crawled: 430
2023-01-26 21:01:49,747:INFO:root:Request timed out. Retrying....
2023-01-26 21:01:49,783:INFO:root:Request timed out. Retrying....
2023-01-26 21:01:49,980:INFO:root:Queue: 69 || Crawled: 431
2023-01-26 21:01:50,404:INFO:root:Queue: 68 || Crawled: 432
2023-01-26 21:01:50,851:INFO:root:Queue: 67 || Crawled: 433
2023-01-26 21:01:50,976:INFO:root:Request timed out. Retrying....
2023-01-26 21:01:51,923:INFO:root:Request timed out. Retrying....
2023-01-26 21:01:52,113:INFO:root:Request timed out. Retrying....
2023-01-26 21:01:52,351:INFO:root:Queue: 66 || Crawled: 434
2023-01-26 21:01:53,724:INFO:root:Queue: 65 || Crawled: 435
2023-01-26 21:01:54,019:INFO:root:Queue: 63 || Crawled: 437
2023-01-26 21:01:54,034:INFO:root:Queue: 63 || Crawled: 437
2023-01-26 21:01:54,495:INFO:root:Queue: 62 || Crawled: 438
2023-01-26 21:01:54,659:INFO:root:Request timed out. Retrying....
2023-01-26 21:01:55,295:INFO:root:Queue: 61 || Crawled: 439
2023-01-26 21:01:55,450:INFO:root:Queue: 60 || Crawled: 440
2023-01-26 21:01:56,538:INFO:root:Queue: 59 || Crawled: 441
2023-01-26 21:01:56,707:INFO:root:Request timed out. Retrying....
2023-01-26 21:01:56,952:INFO:root:Queue: 58 || Crawled: 442
2023-01-26 21:01:57,255:INFO:root:Request timed out. Retrying....
2023-01-26 21:01:57,255:INFO:root:Queue: 58 || Crawled: 442
2023-01-26 21:01:57,939:INFO:root:Request timed out. Retrying....
2023-01-26 21:01:58,423:INFO:root:Request timed out. Retrying....
2023-01-26 21:01:58,479:INFO:root:Request timed out. Retrying....
2023-01-26 21:01:58,507:INFO:root:Request timed out. Retrying....
2023-01-26 21:01:58,758:INFO:root:Queue: 57 || Crawled: 443
2023-01-26 21:01:58,853:INFO:root:Request timed out. Retrying....
2023-01-26 21:01:58,982:INFO:root:Queue: 56 || Crawled: 444
2023-01-26 21:01:59,140:INFO:root:Request timed out. Retrying....
2023-01-26 21:01:59,500:INFO:root:Request timed out. Retrying....
2023-01-26 21:01:59,528:INFO:root:Queue: 55 || Crawled: 445
2023-01-26 21:01:59,655:INFO:root:Queue: 54 || Crawled: 446
2023-01-26 21:01:59,738:INFO:root:Queue: 53 || Crawled: 447
2023-01-26 21:02:00,211:INFO:root:Request timed out. Retrying....
2023-01-26 21:02:00,313:INFO:root:Request timed out. Retrying....
2023-01-26 21:02:00,868:INFO:root:Queue: 52 || Crawled: 448
2023-01-26 21:02:00,884:INFO:root:Request timed out. Retrying....
2023-01-26 21:02:00,926:INFO:root:Queue: 51 || Crawled: 449
2023-01-26 21:02:02,141:INFO:root:Queue: 50 || Crawled: 450
2023-01-26 21:02:02,143:INFO:root:Request timed out. Retrying....
2023-01-26 21:02:02,366:INFO:root:Queue: 49 || Crawled: 451
2023-01-26 21:02:02,519:INFO:root:Queue: 48 || Crawled: 452
2023-01-26 21:02:02,707:INFO:root:Queue: 47 || Crawled: 453
2023-01-26 21:02:02,767:INFO:root:Request timed out. Retrying....
2023-01-26 21:02:02,768:INFO:root:Request timed out. Retrying....
2023-01-26 21:02:02,770:INFO:root:Queue: 47 || Crawled: 453
2023-01-26 21:02:03,442:INFO:root:Queue: 46 || Crawled: 454
2023-01-26 21:02:03,739:INFO:root:Request timed out. Retrying....
2023-01-26 21:02:04,048:INFO:root:Request timed out. Retrying....
2023-01-26 21:02:04,246:INFO:root:Queue: 45 || Crawled: 455
2023-01-26 21:02:04,343:INFO:root:Request timed out. Retrying....
2023-01-26 21:02:05,327:INFO:root:Request timed out. Retrying....
2023-01-26 21:02:05,459:INFO:root:Request timed out. Retrying....
2023-01-26 21:02:05,861:INFO:root:Queue: 44 || Crawled: 456
2023-01-26 21:02:06,043:INFO:root:Request timed out. Retrying....
2023-01-26 21:02:06,501:INFO:root:Queue: 42 || Crawled: 458
2023-01-26 21:02:06,506:INFO:root:Queue: 42 || Crawled: 458
2023-01-26 21:02:06,551:INFO:root:Request timed out. Retrying....
2023-01-26 21:02:06,973:INFO:root:Request timed out. Retrying....
2023-01-26 21:02:07,123:INFO:root:Queue: 41 || Crawled: 459
2023-01-26 21:02:07,300:INFO:root:Queue: 40 || Crawled: 460
2023-01-26 21:02:07,798:INFO:root:Queue: 39 || Crawled: 461
2023-01-26 21:02:07,957:INFO:root:Queue: 38 || Crawled: 462
2023-01-26 21:02:08,283:INFO:root:Queue: 37 || Crawled: 463
2023-01-26 21:02:08,435:INFO:root:Request timed out. Retrying....
2023-01-26 21:02:09,169:INFO:root:Request timed out. Retrying....
2023-01-26 21:02:09,386:INFO:root:Queue: 35 || Crawled: 465
2023-01-26 21:02:09,456:INFO:root:Queue: 35 || Crawled: 465
2023-01-26 21:02:09,589:INFO:root:Queue: 34 || Crawled: 466
2023-01-26 21:02:09,627:INFO:root:Request timed out. Retrying....
2023-01-26 21:02:09,749:INFO:root:Request timed out. Retrying....
2023-01-26 21:02:10,551:INFO:root:Queue: 33 || Crawled: 467
2023-01-26 21:02:10,650:INFO:root:Queue: 32 || Crawled: 468
2023-01-26 21:02:10,936:INFO:root:Request timed out. Retrying....
2023-01-26 21:02:11,180:INFO:root:Request timed out. Retrying....
2023-01-26 21:02:11,412:INFO:root:Request timed out. Retrying....
2023-01-26 21:02:11,468:INFO:root:Queue: 31 || Crawled: 469
2023-01-26 21:02:12,095:INFO:root:Queue: 30 || Crawled: 470
2023-01-26 21:02:12,155:INFO:root:Request timed out. Retrying....
2023-01-26 21:02:12,155:INFO:root:Queue: 30 || Crawled: 470
2023-01-26 21:02:12,409:INFO:root:Request timed out. Retrying....
2023-01-26 21:02:13,492:INFO:root:Request timed out. Retrying....
2023-01-26 21:02:13,751:INFO:root:Request timed out. Retrying....
2023-01-26 21:02:14,188:INFO:root:Request timed out. Retrying....
2023-01-26 21:02:14,658:INFO:root:Request timed out. Retrying....
2023-01-26 21:02:14,728:INFO:root:Request timed out. Retrying....
2023-01-26 21:02:15,340:INFO:root:Request timed out. Retrying....
2023-01-26 21:02:16,059:INFO:root:Request timed out. Retrying....
2023-01-26 21:02:16,059:INFO:root:Queue: 24 || Crawled: 476
2023-01-26 21:02:16,091:INFO:root:Request timed out. Retrying....
2023-01-26 21:02:16,519:INFO:root:Request timed out. Retrying....
2023-01-26 21:02:17,733:INFO:root:Request timed out. Retrying....
2023-01-26 21:02:17,738:INFO:root:Request timed out. Retrying....
2023-01-26 21:02:20,593:INFO:root:Request timed out. Retrying....
2023-01-26 21:02:20,669:INFO:root:Request timed out. Retrying....
2023-01-26 21:02:20,877:INFO:root:Request timed out. Retrying....
2023-01-26 21:02:23,763:INFO:root:Request timed out. Retrying....
2023-01-26 21:02:23,764:INFO:root:Queue: 10 || Crawled: 490
2023-01-26 21:02:26,421:INFO:root:Request timed out. Retrying....
2023-01-26 21:02:26,531:INFO:root:Request timed out. Retrying....
2023-01-26 21:02:27,800:INFO:root:Request timed out. Retrying....
2023-01-26 21:02:27,810:INFO:root:Queue: 8 || Crawled: 492
2023-01-26 21:02:29,980:INFO:root:Request timed out. Retrying....
2023-01-26 21:02:30,123:INFO:root:Request timed out. Retrying....
2023-01-26 21:02:30,906:INFO:root:Request timed out. Retrying....
2023-01-26 21:02:40,140:INFO:root:Request timed out. Retrying....
2023-01-26 21:02:44,622:INFO:root:Finished scraping. Saving to excel file ./data//scraped_data_2023-01-26.xlsx
2023-01-26 21:02:48,903:INFO:root:Records saved!
